#
# There is insufficient memory for the Java Runtime Environment to continue.
# Native memory allocation (malloc) failed to allocate 478096 bytes for Chunk::new
# Possible reasons:
#   The system is out of physical RAM or swap space
#   The process is running with CompressedOops enabled, and the Java Heap may be blocking the growth of the native heap
# Possible solutions:
#   Reduce memory load on the system
#   Increase physical memory or swap space
#   Check if swap backing store is full
#   Decrease Java heap size (-Xmx/-Xms)
#   Decrease number of Java threads
#   Decrease Java thread stack sizes (-Xss)
#   Set larger code cache with -XX:ReservedCodeCacheSize=
#   JVM is running with Unscaled Compressed Oops mode in which the Java heap is
#     placed in the first 4GB address space. The Java Heap base address is the
#     maximum limit for the native heap growth. Please use -XX:HeapBaseMinAddress
#     to set the Java Heap base and to place the Java Heap above 4GB virtual address.
# This output file may be truncated or incomplete.
#
#  Out of Memory Error (./open/src/hotspot/share/memory/arena.cpp:197), pid=4760, tid=5512
#
# JRE version: Java(TM) SE Runtime Environment 18.9 (11.0.9+7) (build 11.0.9+7-LTS)
# Java VM: Java HotSpot(TM) 64-Bit Server VM 18.9 (11.0.9+7-LTS, mixed mode, tiered, compressed oops, g1 gc, windows-amd64)
# No core dump will be written. Minidumps are not enabled by default on client versions of Windows
#

---------------  S U M M A R Y ------------

Command Line: -Dfile.encoding=UTF-8 com.example.application.PosteProjectApplication

Host: Intel(R) Core(TM) i7-2640M CPU @ 2.80GHz, 4 cores, 7G,  Windows 10 , 64 bit Build 18362 (10.0.18362.1110)
Time: Tue Nov 24 01:16:08 2020 Morocco Daylight Time elapsed time: 137.867749 seconds (0d 0h 2m 17s)

---------------  T H R E A D  ---------------

Current thread (0x00000181a9cf6800):  JavaThread "C2 CompilerThread0" daemon [_thread_in_native, id=5512, stack(0x0000003c07c00000,0x0000003c07d00000)]


Current CompileTask:
C2: 137867 9604       4       org.springframework.data.mongodb.core.convert.MappingMongoConverter::readCollectionOrArray (456 bytes)

Stack: [0x0000003c07c00000,0x0000003c07d00000]
Native frames: (J=compiled Java code, j=interpreted, Vv=VM code, C=native code)
V  [jvm.dll+0x611a3a]
V  [jvm.dll+0x748aaf]
V  [jvm.dll+0x74a135]
V  [jvm.dll+0x74a7b3]
V  [jvm.dll+0x2439f8]
V  [jvm.dll+0xba2bc]
V  [jvm.dll+0xba9bc]
V  [jvm.dll+0x3454a2]
V  [jvm.dll+0x313343]
V  [jvm.dll+0x31268a]
V  [jvm.dll+0x1fd495]
V  [jvm.dll+0x1fc64f]
V  [jvm.dll+0x17f08c]
V  [jvm.dll+0x20bc54]
V  [jvm.dll+0x209d2b]
V  [jvm.dll+0x7103d9]
V  [jvm.dll+0x709114]
V  [jvm.dll+0x610cb6]
C  [ucrtbase.dll+0x210b2]
C  [KERNEL32.DLL+0x17c24]
C  [ntdll.dll+0x6d4d1]


---------------  P R O C E S S  ---------------

Threads class SMR info:
_java_thread_list=0x00000181ae3e6960, length=28, elements={
0x00000181a9cdb800, 0x00000181a9ce6800, 0x00000181aa652800, 0x00000181aa653800,
0x00000181a9cf6800, 0x00000181a9d00000, 0x00000181a9d07000, 0x00000181aa7e2800,
0x00000181aa7e3000, 0x00000181aa7e0000, 0x00000181aa7e0800, 0x00000181aa7e1800,
0x00000181aa7de000, 0x00000181aa7dd800, 0x00000181aa7e4000, 0x00000181aa7df000,
0x00000181ac03d800, 0x00000181ac042800, 0x00000181ac03f000, 0x00000181ac043000,
0x00000181ac040000, 0x00000181ac040800, 0x00000181ac044000, 0x00000181ac03e000,
0x00000181ac044800, 0x00000181ac045800, 0x00000181ac047000, 0x00000181ac046800
}

Java Threads: ( => current thread )
  0x00000181a9cdb800 JavaThread "Reference Handler" daemon [_thread_blocked, id=9504, stack(0x0000003c07800000,0x0000003c07900000)]
  0x00000181a9ce6800 JavaThread "Finalizer" daemon [_thread_blocked, id=2380, stack(0x0000003c07900000,0x0000003c07a00000)]
  0x00000181aa652800 JavaThread "Signal Dispatcher" daemon [_thread_blocked, id=12792, stack(0x0000003c07a00000,0x0000003c07b00000)]
  0x00000181aa653800 JavaThread "Attach Listener" daemon [_thread_blocked, id=7904, stack(0x0000003c07b00000,0x0000003c07c00000)]
=>0x00000181a9cf6800 JavaThread "C2 CompilerThread0" daemon [_thread_in_native, id=5512, stack(0x0000003c07c00000,0x0000003c07d00000)]
  0x00000181a9d00000 JavaThread "C1 CompilerThread0" daemon [_thread_blocked, id=6800, stack(0x0000003c07d00000,0x0000003c07e00000)]
  0x00000181a9d07000 JavaThread "Sweeper thread" daemon [_thread_blocked, id=11224, stack(0x0000003c07e00000,0x0000003c07f00000)]
  0x00000181aa7e2800 JavaThread "Service Thread" daemon [_thread_blocked, id=3592, stack(0x0000003c07f00000,0x0000003c08000000)]
  0x00000181aa7e3000 JavaThread "Common-Cleaner" daemon [_thread_blocked, id=13508, stack(0x0000003c08100000,0x0000003c08200000)]
  0x00000181aa7e0000 JavaThread "Catalina-utility-1" [_thread_blocked, id=4580, stack(0x0000003c08700000,0x0000003c08800000)]
  0x00000181aa7e0800 JavaThread "Catalina-utility-2" [_thread_blocked, id=5148, stack(0x0000003c08800000,0x0000003c08900000)]
  0x00000181aa7e1800 JavaThread "container-0" [_thread_blocked, id=1696, stack(0x0000003c08900000,0x0000003c08a00000)]
  0x00000181aa7de000 JavaThread "cluster-ClusterId{value='5fbc50495af2a0592debcbd4', description='null'}-localhost:27017" daemon [_thread_in_native, id=5216, stack(0x0000003c08a00000,0x0000003c08b00000)]
  0x00000181aa7dd800 JavaThread "cluster-rtt-ClusterId{value='5fbc50495af2a0592debcbd4', description='null'}-localhost:27017" daemon [_thread_blocked, id=8084, stack(0x0000003c08b00000,0x0000003c08c00000)]
  0x00000181aa7e4000 JavaThread "http-nio-8090-BlockPoller" daemon [_thread_in_native, id=5524, stack(0x0000003c08d00000,0x0000003c08e00000)]
  0x00000181aa7df000 JavaThread "http-nio-8090-exec-1" daemon [_thread_blocked, id=13996, stack(0x0000003c08e00000,0x0000003c08f00000)]
  0x00000181ac03d800 JavaThread "http-nio-8090-exec-2" daemon [_thread_blocked, id=12952, stack(0x0000003c08f00000,0x0000003c09000000)]
  0x00000181ac042800 JavaThread "http-nio-8090-exec-3" daemon [_thread_blocked, id=8144, stack(0x0000003c09000000,0x0000003c09100000)]
  0x00000181ac03f000 JavaThread "http-nio-8090-exec-4" daemon [_thread_blocked, id=9828, stack(0x0000003c09100000,0x0000003c09200000)]
  0x00000181ac043000 JavaThread "http-nio-8090-exec-5" daemon [_thread_blocked, id=4620, stack(0x0000003c09200000,0x0000003c09300000)]
  0x00000181ac040000 JavaThread "http-nio-8090-exec-6" daemon [_thread_blocked, id=13272, stack(0x0000003c09300000,0x0000003c09400000)]
  0x00000181ac040800 JavaThread "http-nio-8090-exec-7" daemon [_thread_blocked, id=11976, stack(0x0000003c09400000,0x0000003c09500000)]
  0x00000181ac044000 JavaThread "http-nio-8090-exec-8" daemon [_thread_blocked, id=3864, stack(0x0000003c09500000,0x0000003c09600000)]
  0x00000181ac03e000 JavaThread "http-nio-8090-exec-9" daemon [_thread_blocked, id=13428, stack(0x0000003c09600000,0x0000003c09700000)]
  0x00000181ac044800 JavaThread "http-nio-8090-exec-10" daemon [_thread_blocked, id=12280, stack(0x0000003c09700000,0x0000003c09800000)]
  0x00000181ac045800 JavaThread "http-nio-8090-ClientPoller" daemon [_thread_in_native, id=6388, stack(0x0000003c09800000,0x0000003c09900000)]
  0x00000181ac047000 JavaThread "http-nio-8090-Acceptor" daemon [_thread_in_native, id=11956, stack(0x0000003c09900000,0x0000003c09a00000)]
  0x00000181ac046800 JavaThread "DestroyJavaVM" [_thread_blocked, id=12240, stack(0x0000003c07100000,0x0000003c07200000)]

Other Threads:
  0x00000181a9cb9000 VMThread "VM Thread" [stack: 0x0000003c07700000,0x0000003c07800000] [id=10500]
  0x00000181aa7e9800 WatcherThread [stack: 0x0000003c08000000,0x0000003c08100000] [id=13928]
  0x000001818b7e9000 GCTaskThread "GC Thread#0" [stack: 0x0000003c07200000,0x0000003c07300000] [id=11692]
  0x00000181aad56800 GCTaskThread "GC Thread#1" [stack: 0x0000003c08200000,0x0000003c08300000] [id=8604]
  0x00000181aad67800 GCTaskThread "GC Thread#2" [stack: 0x0000003c08300000,0x0000003c08400000] [id=11344]
  0x00000181ab663800 GCTaskThread "GC Thread#3" [stack: 0x0000003c08600000,0x0000003c08700000] [id=5276]
  0x000001818b819800 ConcurrentGCThread "G1 Main Marker" [stack: 0x0000003c07300000,0x0000003c07400000] [id=13892]
  0x000001818b81c000 ConcurrentGCThread "G1 Conc#0" [stack: 0x0000003c07400000,0x0000003c07500000] [id=10708]
  0x000001818b89e800 ConcurrentGCThread "G1 Refine#0" [stack: 0x0000003c07500000,0x0000003c07600000] [id=13560]
  0x00000181aa957800 ConcurrentGCThread "G1 Refine#1" [stack: 0x0000003c08400000,0x0000003c08500000] [id=2192]
  0x00000181a9b27800 ConcurrentGCThread "G1 Young RemSet Sampling" [stack: 0x0000003c07600000,0x0000003c07700000] [id=3056]

Threads with active compile tasks:
C2 CompilerThread0 138084 9604       4       org.springframework.data.mongodb.core.convert.MappingMongoConverter::readCollectionOrArray (456 bytes)

VM state:not at safepoint (normal execution)

VM Mutex/Monitor currently owned by a thread: None

Heap address: 0x0000000080c00000, size: 2036 MB, Compressed Oops mode: 32-bit
Narrow klass base: 0x0000000000000000, Narrow klass shift: 3
Compressed class space size: 1073741824 Address: 0x0000000100000000

Heap:
 garbage-first heap   total 157696K, used 52702K [0x0000000080c00000, 0x0000000100000000)
  region size 1024K, 36 young (36864K), 3 survivors (3072K)
 Metaspace       used 53497K, capacity 55087K, committed 55168K, reserved 1097728K
  class space    used 6139K, capacity 6760K, committed 6784K, reserved 1048576K
Heap Regions: E=young(eden), S=young(survivor), O=old, HS=humongous(starts), HC=humongous(continues), CS=collection set, F=free, A=archive, TAMS=top-at-mark-start (previous, next)
|   0|0x0000000080c00000, 0x0000000080d00000, 0x0000000080d00000|100%| O|  |TAMS 0x0000000080d00000, 0x0000000080c00000| Untracked 
|   1|0x0000000080d00000, 0x0000000080e00000, 0x0000000080e00000|100%| O|  |TAMS 0x0000000080e00000, 0x0000000080d00000| Untracked 
|   2|0x0000000080e00000, 0x0000000080f00000, 0x0000000080f00000|100%| O|  |TAMS 0x0000000080f00000, 0x0000000080e00000| Untracked 
|   3|0x0000000080f00000, 0x0000000081000000, 0x0000000081000000|100%| O|  |TAMS 0x0000000081000000, 0x0000000080f00000| Untracked 
|   4|0x0000000081000000, 0x0000000081100000, 0x0000000081100000|100%| O|  |TAMS 0x0000000081100000, 0x0000000081000000| Untracked 
|   5|0x0000000081100000, 0x0000000081200000, 0x0000000081200000|100%| O|  |TAMS 0x0000000081200000, 0x0000000081100000| Untracked 
|   6|0x0000000081200000, 0x0000000081300000, 0x0000000081300000|100%| O|  |TAMS 0x0000000081300000, 0x0000000081200000| Untracked 
|   7|0x0000000081300000, 0x0000000081400000, 0x0000000081400000|100%| O|  |TAMS 0x0000000081400000, 0x0000000081300000| Untracked 
|   8|0x0000000081400000, 0x0000000081500000, 0x0000000081500000|100%| O|  |TAMS 0x000000008143fe00, 0x0000000081400000| Untracked 
|   9|0x0000000081500000, 0x0000000081600000, 0x0000000081600000|100%| O|  |TAMS 0x0000000081500000, 0x0000000081500000| Untracked 
|  10|0x0000000081600000, 0x0000000081700000, 0x0000000081700000|100%| O|  |TAMS 0x0000000081600000, 0x0000000081600000| Untracked 
|  11|0x0000000081700000, 0x0000000081800000, 0x0000000081800000|100%| O|  |TAMS 0x0000000081700000, 0x0000000081700000| Untracked 
|  12|0x0000000081800000, 0x0000000081900000, 0x0000000081900000|100%| O|  |TAMS 0x0000000081800000, 0x0000000081800000| Untracked 
|  13|0x0000000081900000, 0x0000000081a00000, 0x0000000081a00000|100%| O|  |TAMS 0x0000000081900000, 0x0000000081900000| Untracked 
|  14|0x0000000081a00000, 0x0000000081b00000, 0x0000000081b00000|100%| O|  |TAMS 0x0000000081a00000, 0x0000000081a00000| Untracked 
|  15|0x0000000081b00000, 0x0000000081c00000, 0x0000000081c00000|100%| O|  |TAMS 0x0000000081b00000, 0x0000000081b00000| Untracked 
|  16|0x0000000081c00000, 0x0000000081ca5800, 0x0000000081d00000| 64%| O|  |TAMS 0x0000000081c00000, 0x0000000081c00000| Untracked 
|  17|0x0000000081d00000, 0x0000000081d00000, 0x0000000081e00000|  0%| F|  |TAMS 0x0000000081d00000, 0x0000000081d00000| Untracked 
|  18|0x0000000081e00000, 0x0000000081e00000, 0x0000000081f00000|  0%| F|  |TAMS 0x0000000081e00000, 0x0000000081e00000| Untracked 
|  19|0x0000000081f00000, 0x0000000081f00000, 0x0000000082000000|  0%| F|  |TAMS 0x0000000081f00000, 0x0000000081f00000| Untracked 
|  20|0x0000000082000000, 0x0000000082000000, 0x0000000082100000|  0%| F|  |TAMS 0x0000000082000000, 0x0000000082000000| Untracked 
|  21|0x0000000082100000, 0x0000000082100000, 0x0000000082200000|  0%| F|  |TAMS 0x0000000082100000, 0x0000000082100000| Untracked 
|  22|0x0000000082200000, 0x0000000082200000, 0x0000000082300000|  0%| F|  |TAMS 0x0000000082200000, 0x0000000082200000| Untracked 
|  23|0x0000000082300000, 0x0000000082300000, 0x0000000082400000|  0%| F|  |TAMS 0x0000000082300000, 0x0000000082300000| Untracked 
|  24|0x0000000082400000, 0x0000000082400000, 0x0000000082500000|  0%| F|  |TAMS 0x0000000082400000, 0x0000000082400000| Untracked 
|  25|0x0000000082500000, 0x0000000082500000, 0x0000000082600000|  0%| F|  |TAMS 0x0000000082500000, 0x0000000082500000| Untracked 
|  26|0x0000000082600000, 0x0000000082600000, 0x0000000082700000|  0%| F|  |TAMS 0x0000000082600000, 0x0000000082600000| Untracked 
|  27|0x0000000082700000, 0x0000000082700000, 0x0000000082800000|  0%| F|  |TAMS 0x0000000082700000, 0x0000000082700000| Untracked 
|  28|0x0000000082800000, 0x0000000082800000, 0x0000000082900000|  0%| F|  |TAMS 0x0000000082800000, 0x0000000082800000| Untracked 
|  29|0x0000000082900000, 0x0000000082900000, 0x0000000082a00000|  0%| F|  |TAMS 0x0000000082900000, 0x0000000082900000| Untracked 
|  30|0x0000000082a00000, 0x0000000082a00000, 0x0000000082b00000|  0%| F|  |TAMS 0x0000000082a00000, 0x0000000082a00000| Untracked 
|  31|0x0000000082b00000, 0x0000000082b00000, 0x0000000082c00000|  0%| F|  |TAMS 0x0000000082b00000, 0x0000000082b00000| Untracked 
|  32|0x0000000082c00000, 0x0000000082c00000, 0x0000000082d00000|  0%| F|  |TAMS 0x0000000082c00000, 0x0000000082c00000| Untracked 
|  33|0x0000000082d00000, 0x0000000082d00000, 0x0000000082e00000|  0%| F|  |TAMS 0x0000000082d00000, 0x0000000082d00000| Untracked 
|  34|0x0000000082e00000, 0x0000000082e00000, 0x0000000082f00000|  0%| F|  |TAMS 0x0000000082e00000, 0x0000000082e00000| Untracked 
|  35|0x0000000082f00000, 0x0000000082f00000, 0x0000000083000000|  0%| F|  |TAMS 0x0000000082f00000, 0x0000000082f00000| Untracked 
|  36|0x0000000083000000, 0x0000000083000000, 0x0000000083100000|  0%| F|  |TAMS 0x0000000083000000, 0x0000000083000000| Untracked 
|  37|0x0000000083100000, 0x0000000083100000, 0x0000000083200000|  0%| F|  |TAMS 0x0000000083100000, 0x0000000083100000| Untracked 
|  38|0x0000000083200000, 0x0000000083200000, 0x0000000083300000|  0%| F|  |TAMS 0x0000000083200000, 0x0000000083200000| Untracked 
|  39|0x0000000083300000, 0x0000000083300000, 0x0000000083400000|  0%| F|  |TAMS 0x0000000083300000, 0x0000000083300000| Untracked 
|  40|0x0000000083400000, 0x0000000083400000, 0x0000000083500000|  0%| F|  |TAMS 0x0000000083400000, 0x0000000083400000| Untracked 
|  41|0x0000000083500000, 0x0000000083500000, 0x0000000083600000|  0%| F|  |TAMS 0x0000000083500000, 0x0000000083500000| Untracked 
|  42|0x0000000083600000, 0x0000000083600000, 0x0000000083700000|  0%| F|  |TAMS 0x0000000083600000, 0x0000000083600000| Untracked 
|  43|0x0000000083700000, 0x0000000083700000, 0x0000000083800000|  0%| F|  |TAMS 0x0000000083700000, 0x0000000083700000| Untracked 
|  44|0x0000000083800000, 0x0000000083800000, 0x0000000083900000|  0%| F|  |TAMS 0x0000000083800000, 0x0000000083800000| Untracked 
|  45|0x0000000083900000, 0x0000000083900000, 0x0000000083a00000|  0%| F|  |TAMS 0x0000000083900000, 0x0000000083900000| Untracked 
|  46|0x0000000083a00000, 0x0000000083a00000, 0x0000000083b00000|  0%| F|  |TAMS 0x0000000083a00000, 0x0000000083a00000| Untracked 
|  47|0x0000000083b00000, 0x0000000083b00000, 0x0000000083c00000|  0%| F|  |TAMS 0x0000000083b00000, 0x0000000083b00000| Untracked 
|  48|0x0000000083c00000, 0x0000000083c00000, 0x0000000083d00000|  0%| F|  |TAMS 0x0000000083c00000, 0x0000000083c00000| Untracked 
|  49|0x0000000083d00000, 0x0000000083d00000, 0x0000000083e00000|  0%| F|  |TAMS 0x0000000083d00000, 0x0000000083d00000| Untracked 
|  50|0x0000000083e00000, 0x0000000083e00000, 0x0000000083f00000|  0%| F|  |TAMS 0x0000000083e00000, 0x0000000083e00000| Untracked 
|  51|0x0000000083f00000, 0x0000000083f00000, 0x0000000084000000|  0%| F|  |TAMS 0x0000000083f00000, 0x0000000083f00000| Untracked 
|  52|0x0000000084000000, 0x0000000084000000, 0x0000000084100000|  0%| F|  |TAMS 0x0000000084000000, 0x0000000084000000| Untracked 
|  53|0x0000000084100000, 0x0000000084100000, 0x0000000084200000|  0%| F|  |TAMS 0x0000000084100000, 0x0000000084100000| Untracked 
|  54|0x0000000084200000, 0x0000000084200000, 0x0000000084300000|  0%| F|  |TAMS 0x0000000084200000, 0x0000000084200000| Untracked 
|  55|0x0000000084300000, 0x0000000084300000, 0x0000000084400000|  0%| F|  |TAMS 0x0000000084300000, 0x0000000084300000| Untracked 
|  56|0x0000000084400000, 0x0000000084400000, 0x0000000084500000|  0%| F|  |TAMS 0x0000000084400000, 0x0000000084400000| Untracked 
|  57|0x0000000084500000, 0x0000000084500000, 0x0000000084600000|  0%| F|  |TAMS 0x0000000084500000, 0x0000000084500000| Untracked 
|  58|0x0000000084600000, 0x0000000084600000, 0x0000000084700000|  0%| F|  |TAMS 0x0000000084600000, 0x0000000084600000| Untracked 
|  59|0x0000000084700000, 0x00000000847d23d0, 0x0000000084800000| 82%| S|CS|TAMS 0x0000000084700000, 0x0000000084700000| Complete 
|  60|0x0000000084800000, 0x0000000084900000, 0x0000000084900000|100%| S|CS|TAMS 0x0000000084800000, 0x0000000084800000| Complete 
|  61|0x0000000084900000, 0x0000000084a00000, 0x0000000084a00000|100%| S|CS|TAMS 0x0000000084900000, 0x0000000084900000| Complete 
|  62|0x0000000084a00000, 0x0000000084a00000, 0x0000000084b00000|  0%| F|  |TAMS 0x0000000084a00000, 0x0000000084a00000| Untracked 
|  63|0x0000000084b00000, 0x0000000084b00000, 0x0000000084c00000|  0%| F|  |TAMS 0x0000000084b00000, 0x0000000084b00000| Untracked 
|  64|0x0000000084c00000, 0x0000000084c00000, 0x0000000084d00000|  0%| F|  |TAMS 0x0000000084c00000, 0x0000000084c00000| Untracked 
|  65|0x0000000084d00000, 0x0000000084d00000, 0x0000000084e00000|  0%| F|  |TAMS 0x0000000084d00000, 0x0000000084d00000| Untracked 
|  66|0x0000000084e00000, 0x0000000084e00000, 0x0000000084f00000|  0%| F|  |TAMS 0x0000000084e00000, 0x0000000084e00000| Untracked 
|  67|0x0000000084f00000, 0x0000000084f00000, 0x0000000085000000|  0%| F|  |TAMS 0x0000000084f00000, 0x0000000084f00000| Untracked 
|  68|0x0000000085000000, 0x0000000085000000, 0x0000000085100000|  0%| F|  |TAMS 0x0000000085000000, 0x0000000085000000| Untracked 
|  69|0x0000000085100000, 0x0000000085100000, 0x0000000085200000|  0%| F|  |TAMS 0x0000000085100000, 0x0000000085100000| Untracked 
|  70|0x0000000085200000, 0x0000000085200000, 0x0000000085300000|  0%| F|  |TAMS 0x0000000085200000, 0x0000000085200000| Untracked 
|  71|0x0000000085300000, 0x0000000085300000, 0x0000000085400000|  0%| F|  |TAMS 0x0000000085300000, 0x0000000085300000| Untracked 
|  72|0x0000000085400000, 0x0000000085400000, 0x0000000085500000|  0%| F|  |TAMS 0x0000000085400000, 0x0000000085400000| Untracked 
|  73|0x0000000085500000, 0x0000000085500000, 0x0000000085600000|  0%| F|  |TAMS 0x0000000085500000, 0x0000000085500000| Untracked 
|  74|0x0000000085600000, 0x0000000085600000, 0x0000000085700000|  0%| F|  |TAMS 0x0000000085600000, 0x0000000085600000| Untracked 
|  75|0x0000000085700000, 0x0000000085700000, 0x0000000085800000|  0%| F|  |TAMS 0x0000000085700000, 0x0000000085700000| Untracked 
|  76|0x0000000085800000, 0x0000000085800000, 0x0000000085900000|  0%| F|  |TAMS 0x0000000085800000, 0x0000000085800000| Untracked 
|  77|0x0000000085900000, 0x0000000085900000, 0x0000000085a00000|  0%| F|  |TAMS 0x0000000085900000, 0x0000000085900000| Untracked 
|  78|0x0000000085a00000, 0x0000000085a00000, 0x0000000085b00000|  0%| F|  |TAMS 0x0000000085a00000, 0x0000000085a00000| Untracked 
|  79|0x0000000085b00000, 0x0000000085b00000, 0x0000000085c00000|  0%| F|  |TAMS 0x0000000085b00000, 0x0000000085b00000| Untracked 
|  80|0x0000000085c00000, 0x0000000085c00000, 0x0000000085d00000|  0%| F|  |TAMS 0x0000000085c00000, 0x0000000085c00000| Untracked 
|  81|0x0000000085d00000, 0x0000000085d00000, 0x0000000085e00000|  0%| F|  |TAMS 0x0000000085d00000, 0x0000000085d00000| Untracked 
|  82|0x0000000085e00000, 0x0000000085e00000, 0x0000000085f00000|  0%| F|  |TAMS 0x0000000085e00000, 0x0000000085e00000| Untracked 
|  83|0x0000000085f00000, 0x0000000085f00000, 0x0000000086000000|  0%| F|  |TAMS 0x0000000085f00000, 0x0000000085f00000| Untracked 
|  84|0x0000000086000000, 0x0000000086000000, 0x0000000086100000|  0%| F|  |TAMS 0x0000000086000000, 0x0000000086000000| Untracked 
|  85|0x0000000086100000, 0x0000000086100000, 0x0000000086200000|  0%| F|  |TAMS 0x0000000086100000, 0x0000000086100000| Untracked 
|  86|0x0000000086200000, 0x0000000086200000, 0x0000000086300000|  0%| F|  |TAMS 0x0000000086200000, 0x0000000086200000| Untracked 
|  87|0x0000000086300000, 0x0000000086300000, 0x0000000086400000|  0%| F|  |TAMS 0x0000000086300000, 0x0000000086300000| Untracked 
|  88|0x0000000086400000, 0x0000000086400000, 0x0000000086500000|  0%| F|  |TAMS 0x0000000086400000, 0x0000000086400000| Untracked 
|  89|0x0000000086500000, 0x0000000086500000, 0x0000000086600000|  0%| F|  |TAMS 0x0000000086500000, 0x0000000086500000| Untracked 
|  90|0x0000000086600000, 0x0000000086600000, 0x0000000086700000|  0%| F|  |TAMS 0x0000000086600000, 0x0000000086600000| Untracked 
|  91|0x0000000086700000, 0x0000000086700000, 0x0000000086800000|  0%| F|  |TAMS 0x0000000086700000, 0x0000000086700000| Untracked 
|  92|0x0000000086800000, 0x0000000086800000, 0x0000000086900000|  0%| F|  |TAMS 0x0000000086800000, 0x0000000086800000| Untracked 
|  93|0x0000000086900000, 0x0000000086900000, 0x0000000086a00000|  0%| F|  |TAMS 0x0000000086900000, 0x0000000086900000| Untracked 
|  94|0x0000000086a00000, 0x0000000086a00000, 0x0000000086b00000|  0%| F|  |TAMS 0x0000000086a00000, 0x0000000086a00000| Untracked 
|  95|0x0000000086b00000, 0x0000000086b00000, 0x0000000086c00000|  0%| F|  |TAMS 0x0000000086b00000, 0x0000000086b00000| Untracked 
|  96|0x0000000086c00000, 0x0000000086c00000, 0x0000000086d00000|  0%| F|  |TAMS 0x0000000086c00000, 0x0000000086c00000| Untracked 
|  97|0x0000000086d00000, 0x0000000086d00000, 0x0000000086e00000|  0%| F|  |TAMS 0x0000000086d00000, 0x0000000086d00000| Untracked 
|  98|0x0000000086e00000, 0x0000000086e00000, 0x0000000086f00000|  0%| F|  |TAMS 0x0000000086e00000, 0x0000000086e00000| Untracked 
|  99|0x0000000086f00000, 0x0000000086f00000, 0x0000000087000000|  0%| F|  |TAMS 0x0000000086f00000, 0x0000000086f00000| Untracked 
| 100|0x0000000087000000, 0x0000000087000000, 0x0000000087100000|  0%| F|  |TAMS 0x0000000087000000, 0x0000000087000000| Untracked 
| 101|0x0000000087100000, 0x0000000087100000, 0x0000000087200000|  0%| F|  |TAMS 0x0000000087100000, 0x0000000087100000| Untracked 
| 102|0x0000000087200000, 0x0000000087200000, 0x0000000087300000|  0%| F|  |TAMS 0x0000000087200000, 0x0000000087200000| Untracked 
| 103|0x0000000087300000, 0x0000000087300000, 0x0000000087400000|  0%| F|  |TAMS 0x0000000087300000, 0x0000000087300000| Untracked 
| 104|0x0000000087400000, 0x0000000087400000, 0x0000000087500000|  0%| F|  |TAMS 0x0000000087400000, 0x0000000087400000| Untracked 
| 105|0x0000000087500000, 0x0000000087500000, 0x0000000087600000|  0%| F|  |TAMS 0x0000000087500000, 0x0000000087500000| Untracked 
| 106|0x0000000087600000, 0x0000000087600000, 0x0000000087700000|  0%| F|  |TAMS 0x0000000087600000, 0x0000000087600000| Untracked 
| 107|0x0000000087700000, 0x0000000087700000, 0x0000000087800000|  0%| F|  |TAMS 0x0000000087700000, 0x0000000087700000| Untracked 
| 108|0x0000000087800000, 0x0000000087800000, 0x0000000087900000|  0%| F|  |TAMS 0x0000000087800000, 0x0000000087800000| Untracked 
| 109|0x0000000087900000, 0x0000000087900000, 0x0000000087a00000|  0%| F|  |TAMS 0x0000000087900000, 0x0000000087900000| Untracked 
| 110|0x0000000087a00000, 0x0000000087a00000, 0x0000000087b00000|  0%| F|  |TAMS 0x0000000087a00000, 0x0000000087a00000| Untracked 
| 111|0x0000000087b00000, 0x0000000087b00000, 0x0000000087c00000|  0%| F|  |TAMS 0x0000000087b00000, 0x0000000087b00000| Untracked 
| 112|0x0000000087c00000, 0x0000000087c00000, 0x0000000087d00000|  0%| F|  |TAMS 0x0000000087c00000, 0x0000000087c00000| Untracked 
| 113|0x0000000087d00000, 0x0000000087d00000, 0x0000000087e00000|  0%| F|  |TAMS 0x0000000087d00000, 0x0000000087d00000| Untracked 
| 114|0x0000000087e00000, 0x0000000087e00000, 0x0000000087f00000|  0%| F|  |TAMS 0x0000000087e00000, 0x0000000087e00000| Untracked 
| 115|0x0000000087f00000, 0x0000000087f00000, 0x0000000088000000|  0%| F|  |TAMS 0x0000000087f00000, 0x0000000087f00000| Untracked 
| 116|0x0000000088000000, 0x0000000088000000, 0x0000000088100000|  0%| F|  |TAMS 0x0000000088000000, 0x0000000088000000| Untracked 
| 117|0x0000000088100000, 0x0000000088100000, 0x0000000088200000|  0%| F|  |TAMS 0x0000000088100000, 0x0000000088100000| Untracked 
| 118|0x0000000088200000, 0x0000000088200000, 0x0000000088300000|  0%| F|  |TAMS 0x0000000088200000, 0x0000000088200000| Untracked 
| 119|0x0000000088300000, 0x0000000088300000, 0x0000000088400000|  0%| F|  |TAMS 0x0000000088300000, 0x0000000088300000| Untracked 
| 120|0x0000000088400000, 0x0000000088400000, 0x0000000088500000|  0%| F|  |TAMS 0x0000000088400000, 0x0000000088400000| Untracked 
| 121|0x0000000088500000, 0x00000000885ebbb0, 0x0000000088600000| 92%| E|  |TAMS 0x0000000088500000, 0x0000000088500000| Complete 
| 122|0x0000000088600000, 0x0000000088700000, 0x0000000088700000|100%| E|CS|TAMS 0x0000000088600000, 0x0000000088600000| Complete 
| 123|0x0000000088700000, 0x0000000088800000, 0x0000000088800000|100%| E|CS|TAMS 0x0000000088700000, 0x0000000088700000| Complete 
| 124|0x0000000088800000, 0x0000000088900000, 0x0000000088900000|100%| E|CS|TAMS 0x0000000088800000, 0x0000000088800000| Complete 
| 125|0x0000000088900000, 0x0000000088a00000, 0x0000000088a00000|100%| E|CS|TAMS 0x0000000088900000, 0x0000000088900000| Complete 
| 126|0x0000000088a00000, 0x0000000088b00000, 0x0000000088b00000|100%| E|CS|TAMS 0x0000000088a00000, 0x0000000088a00000| Complete 
| 127|0x0000000088b00000, 0x0000000088c00000, 0x0000000088c00000|100%| E|CS|TAMS 0x0000000088b00000, 0x0000000088b00000| Complete 
| 128|0x0000000088c00000, 0x0000000088d00000, 0x0000000088d00000|100%| E|CS|TAMS 0x0000000088c00000, 0x0000000088c00000| Complete 
| 129|0x0000000088d00000, 0x0000000088e00000, 0x0000000088e00000|100%| E|CS|TAMS 0x0000000088d00000, 0x0000000088d00000| Complete 
| 130|0x0000000088e00000, 0x0000000088f00000, 0x0000000088f00000|100%| E|CS|TAMS 0x0000000088e00000, 0x0000000088e00000| Complete 
| 131|0x0000000088f00000, 0x0000000089000000, 0x0000000089000000|100%| E|CS|TAMS 0x0000000088f00000, 0x0000000088f00000| Complete 
| 132|0x0000000089000000, 0x0000000089100000, 0x0000000089100000|100%| E|CS|TAMS 0x0000000089000000, 0x0000000089000000| Complete 
| 133|0x0000000089100000, 0x0000000089200000, 0x0000000089200000|100%| E|CS|TAMS 0x0000000089100000, 0x0000000089100000| Complete 
| 134|0x0000000089200000, 0x0000000089300000, 0x0000000089300000|100%| E|CS|TAMS 0x0000000089200000, 0x0000000089200000| Complete 
| 135|0x0000000089300000, 0x0000000089400000, 0x0000000089400000|100%| E|CS|TAMS 0x0000000089300000, 0x0000000089300000| Complete 
| 136|0x0000000089400000, 0x0000000089500000, 0x0000000089500000|100%| E|CS|TAMS 0x0000000089400000, 0x0000000089400000| Complete 
| 137|0x0000000089500000, 0x0000000089600000, 0x0000000089600000|100%| E|CS|TAMS 0x0000000089500000, 0x0000000089500000| Complete 
| 138|0x0000000089600000, 0x0000000089700000, 0x0000000089700000|100%| E|CS|TAMS 0x0000000089600000, 0x0000000089600000| Complete 
| 139|0x0000000089700000, 0x0000000089800000, 0x0000000089800000|100%| E|CS|TAMS 0x0000000089700000, 0x0000000089700000| Complete 
| 140|0x0000000089800000, 0x0000000089900000, 0x0000000089900000|100%| E|CS|TAMS 0x0000000089800000, 0x0000000089800000| Complete 
| 141|0x0000000089900000, 0x0000000089a00000, 0x0000000089a00000|100%| E|CS|TAMS 0x0000000089900000, 0x0000000089900000| Complete 
| 142|0x0000000089a00000, 0x0000000089b00000, 0x0000000089b00000|100%| E|CS|TAMS 0x0000000089a00000, 0x0000000089a00000| Complete 
| 143|0x0000000089b00000, 0x0000000089c00000, 0x0000000089c00000|100%| E|CS|TAMS 0x0000000089b00000, 0x0000000089b00000| Complete 
| 144|0x0000000089c00000, 0x0000000089d00000, 0x0000000089d00000|100%| E|CS|TAMS 0x0000000089c00000, 0x0000000089c00000| Complete 
| 145|0x0000000089d00000, 0x0000000089e00000, 0x0000000089e00000|100%| E|CS|TAMS 0x0000000089d00000, 0x0000000089d00000| Complete 
| 146|0x0000000089e00000, 0x0000000089f00000, 0x0000000089f00000|100%| E|CS|TAMS 0x0000000089e00000, 0x0000000089e00000| Complete 
| 147|0x0000000089f00000, 0x000000008a000000, 0x000000008a000000|100%| E|CS|TAMS 0x0000000089f00000, 0x0000000089f00000| Complete 
| 148|0x000000008a000000, 0x000000008a100000, 0x000000008a100000|100%| E|CS|TAMS 0x000000008a000000, 0x000000008a000000| Complete 
| 149|0x000000008a100000, 0x000000008a200000, 0x000000008a200000|100%| E|CS|TAMS 0x000000008a100000, 0x000000008a100000| Complete 
| 150|0x000000008a200000, 0x000000008a300000, 0x000000008a300000|100%| E|CS|TAMS 0x000000008a200000, 0x000000008a200000| Complete 
| 151|0x000000008a300000, 0x000000008a400000, 0x000000008a400000|100%| E|CS|TAMS 0x000000008a300000, 0x000000008a300000| Complete 
| 152|0x000000008a400000, 0x000000008a500000, 0x000000008a500000|100%| E|CS|TAMS 0x000000008a400000, 0x000000008a400000| Complete 
| 153|0x000000008a500000, 0x000000008a600000, 0x000000008a600000|100%| E|CS|TAMS 0x000000008a500000, 0x000000008a500000| Complete 

Card table byte_map: [0x00000181a3040000,0x00000181a3440000] _byte_map_base: 0x00000181a2c3a000

Marking Bits (Prev, Next): (CMBitMap*) 0x000001818b810b08, (CMBitMap*) 0x000001818b810b40
 Prev Bits: [0x00000181a3840000, 0x00000181a5810000)
 Next Bits: [0x00000181a5810000, 0x00000181a77e0000)

Polling page: 0x0000018189670000

Metaspace:

Usage:
  Non-class:     47.19 MB capacity,    46.25 MB ( 98%) used,   771.07 KB (  2%) free+waste,   198.00 KB ( <1%) overhead. 
      Class:      6.60 MB capacity,     6.00 MB ( 91%) used,   530.88 KB (  8%) free+waste,    89.75 KB (  1%) overhead. 
       Both:     53.80 MB capacity,    52.24 MB ( 97%) used,     1.27 MB (  2%) free+waste,   287.75 KB ( <1%) overhead. 

Virtual space:
  Non-class space:       48.00 MB reserved,      47.25 MB ( 98%) committed 
      Class space:        1.00 GB reserved,       6.63 MB ( <1%) committed 
             Both:        1.05 GB reserved,      53.88 MB (  5%) committed 

Chunk freelists:
   Non-Class:  7.13 KB
       Class:  0 bytes
        Both:  7.13 KB

CodeHeap 'non-profiled nmethods': size=120064Kb used=6415Kb max_used=6415Kb free=113648Kb
 bounds [0x000001819b700000, 0x000001819bd50000, 0x00000181a2c40000]
CodeHeap 'profiled nmethods': size=120000Kb used=18310Kb max_used=20888Kb free=101690Kb
 bounds [0x00000181941d0000, 0x0000018195650000, 0x000001819b700000]
CodeHeap 'non-nmethods': size=5696Kb used=1179Kb max_used=1241Kb free=4516Kb
 bounds [0x0000018193c40000, 0x0000018193eb0000, 0x00000181941d0000]
 total_blobs=8703 nmethods=8184 adapters=428
 compilation: enabled
              stopped_count=0, restarted_count=0
 full_count=0

Compilation events (10 events):
Event: 137.583 Thread 0x00000181a9cf6800 nmethod 9597 0x000001819bd3fd90 code [0x000001819bd3ff20, 0x000001819bd401f8]
Event: 137.583 Thread 0x00000181a9cf6800 9598   !   4       org.springframework.web.servlet.HandlerExecutionChain::triggerAfterCompletion (65 bytes)
Event: 137.592 Thread 0x00000181a9cf6800 nmethod 9598 0x000001819bd40410 code [0x000001819bd405c0, 0x000001819bd408a8]
Event: 137.603 Thread 0x00000181a9cf6800 9599       4       org.springframework.web.servlet.HandlerExecutionChain::applyPreHandle (68 bytes)
Event: 137.615 Thread 0x00000181a9cf6800 nmethod 9599 0x000001819bd40b90 code [0x000001819bd40d40, 0x000001819bd41018]
Event: 137.636 Thread 0x00000181a9cf6800 9600       4       org.bson.AbstractBsonWriter::<init> (51 bytes)
Event: 137.662 Thread 0x00000181a9cf6800 nmethod 9600 0x000001819bd41310 code [0x000001819bd414c0, 0x000001819bd41de8]
Event: 137.662 Thread 0x00000181a9cf6800 9601       4       org.springframework.core.convert.support.GenericConversionService::convert (139 bytes)
Event: 137.776 Thread 0x00000181a9cf6800 nmethod 9601 0x000001819bd42110 code [0x000001819bd423a0, 0x000001819bd43f10]
Event: 137.776 Thread 0x00000181a9cf6800 9604       4       org.springframework.data.mongodb.core.convert.MappingMongoConverter::readCollectionOrArray (456 bytes)

GC Heap History (10 events):
Event: 90.407 GC heap before
{Heap before GC invocations=10 (full 0):
 garbage-first heap   total 131072K, used 85986K [0x0000000080c00000, 0x0000000100000000)
  region size 1024K, 76 young (77824K), 10 survivors (10240K)
 Metaspace       used 51516K, capacity 53100K, committed 53376K, reserved 1095680K
  class space    used 6121K, capacity 6737K, committed 6784K, reserved 1048576K
}
Event: 90.449 GC heap after
{Heap after GC invocations=11 (full 0):
 garbage-first heap   total 157696K, used 20118K [0x0000000080c00000, 0x0000000100000000)
  region size 1024K, 3 young (3072K), 3 survivors (3072K)
 Metaspace       used 51516K, capacity 53100K, committed 53376K, reserved 1095680K
  class space    used 6121K, capacity 6737K, committed 6784K, reserved 1048576K
}
Event: 103.438 GC heap before
{Heap before GC invocations=11 (full 0):
 garbage-first heap   total 157696K, used 110230K [0x0000000080c00000, 0x0000000100000000)
  region size 1024K, 91 young (93184K), 3 survivors (3072K)
 Metaspace       used 53405K, capacity 55022K, committed 55168K, reserved 1097728K
  class space    used 6137K, capacity 6760K, committed 6784K, reserved 1048576K
}
Event: 103.450 GC heap after
{Heap after GC invocations=12 (full 0):
 garbage-first heap   total 157696K, used 20374K [0x0000000080c00000, 0x0000000100000000)
  region size 1024K, 4 young (4096K), 4 survivors (4096K)
 Metaspace       used 53405K, capacity 55022K, committed 55168K, reserved 1097728K
  class space    used 6137K, capacity 6760K, committed 6784K, reserved 1048576K
}
Event: 113.431 GC heap before
{Heap before GC invocations=12 (full 0):
 garbage-first heap   total 157696K, used 110486K [0x0000000080c00000, 0x0000000100000000)
  region size 1024K, 92 young (94208K), 4 survivors (4096K)
 Metaspace       used 53485K, capacity 55087K, committed 55168K, reserved 1097728K
  class space    used 6137K, capacity 6760K, committed 6784K, reserved 1048576K
}
Event: 113.444 GC heap after
{Heap after GC invocations=13 (full 0):
 garbage-first heap   total 157696K, used 20118K [0x0000000080c00000, 0x0000000100000000)
  region size 1024K, 3 young (3072K), 3 survivors (3072K)
 Metaspace       used 53485K, capacity 55087K, committed 55168K, reserved 1097728K
  class space    used 6137K, capacity 6760K, committed 6784K, reserved 1048576K
}
Event: 124.287 GC heap before
{Heap before GC invocations=13 (full 0):
 garbage-first heap   total 157696K, used 111254K [0x0000000080c00000, 0x0000000100000000)
  region size 1024K, 92 young (94208K), 3 survivors (3072K)
 Metaspace       used 53495K, capacity 55087K, committed 55168K, reserved 1097728K
  class space    used 6138K, capacity 6760K, committed 6784K, reserved 1048576K
}
Event: 124.305 GC heap after
{Heap after GC invocations=14 (full 0):
 garbage-first heap   total 157696K, used 19994K [0x0000000080c00000, 0x0000000100000000)
  region size 1024K, 3 young (3072K), 3 survivors (3072K)
 Metaspace       used 53495K, capacity 55087K, committed 55168K, reserved 1097728K
  class space    used 6138K, capacity 6760K, committed 6784K, reserved 1048576K
}
Event: 134.931 GC heap before
{Heap before GC invocations=14 (full 0):
 garbage-first heap   total 157696K, used 111130K [0x0000000080c00000, 0x0000000100000000)
  region size 1024K, 92 young (94208K), 3 survivors (3072K)
 Metaspace       used 53495K, capacity 55087K, committed 55168K, reserved 1097728K
  class space    used 6138K, capacity 6760K, committed 6784K, reserved 1048576K
}
Event: 134.944 GC heap after
{Heap after GC invocations=15 (full 0):
 garbage-first heap   total 157696K, used 19934K [0x0000000080c00000, 0x0000000100000000)
  region size 1024K, 3 young (3072K), 3 survivors (3072K)
 Metaspace       used 53495K, capacity 55087K, committed 55168K, reserved 1097728K
  class space    used 6138K, capacity 6760K, committed 6784K, reserved 1048576K
}

Deoptimization events (10 events):
Event: 96.746 Thread 0x00000181ac040800 Uncommon trap: reason=profile_predicate action=maybe_recompile pc=0x000001819b8e6a04 method=java.util.regex.Pattern$BnM.optimize(Ljava/util/regex/Pattern$Node;)Ljava/util/regex/Pattern$Node; @ 67 c2
Event: 96.746 Thread 0x00000181ac043000 Uncommon trap: reason=profile_predicate action=maybe_recompile pc=0x000001819b8e6a04 method=java.util.regex.Pattern$BnM.optimize(Ljava/util/regex/Pattern$Node;)Ljava/util/regex/Pattern$Node; @ 67 c2
Event: 99.020 Thread 0x00000181ac040000 Uncommon trap: reason=unstable_if action=reinterpret pc=0x000001819b8db3e0 method=java.lang.ThreadLocal$ThreadLocalMap.expungeStaleEntry(I)I @ 100 c2
Event: 99.031 Thread 0x00000181ac044000 Uncommon trap: reason=unstable_if action=reinterpret pc=0x000001819b8bcd9c method=java.lang.ThreadLocal$ThreadLocalMap.expungeStaleEntry(I)I @ 100 c2
Event: 111.455 Thread 0x00000181aa7df000 Uncommon trap: reason=unstable_if action=reinterpret pc=0x000001819b8e4198 method=org.apache.coyote.http11.Http11InputBuffer.parseRequestLine(ZII)Z @ 72 c2
Event: 114.311 Thread 0x00000181ac044000 Uncommon trap: reason=null_check action=make_not_entrant pc=0x000001819bbd59d4 method=org.springframework.http.converter.ResourceRegionHttpMessageConverter.canWrite(Ljava/lang/reflect/Type;Ljava/lang/Class;Lorg/springframework/http/MediaType;)Z @ 20 c2
Event: 116.851 Thread 0x00000181ac040800 Uncommon trap: reason=profile_predicate action=maybe_recompile pc=0x000001819bbfcfbc method=org.apache.catalina.core.ApplicationFilterFactory.createFilterChain(Ljavax/servlet/ServletRequest;Lorg/apache/catalina/Wrapper;Ljavax/servlet/Servlet;)Lorg/apache/
Event: 116.854 Thread 0x00000181ac03f000 Uncommon trap: reason=profile_predicate action=maybe_recompile pc=0x000001819bbfcfbc method=org.apache.catalina.core.ApplicationFilterFactory.createFilterChain(Ljavax/servlet/ServletRequest;Lorg/apache/catalina/Wrapper;Ljavax/servlet/Servlet;)Lorg/apache/
Event: 116.865 Thread 0x00000181ac042800 Uncommon trap: reason=profile_predicate action=maybe_recompile pc=0x000001819bbfcfbc method=org.apache.catalina.core.ApplicationFilterFactory.createFilterChain(Ljavax/servlet/ServletRequest;Lorg/apache/catalina/Wrapper;Ljavax/servlet/Servlet;)Lorg/apache/
Event: 116.871 Thread 0x00000181ac03d800 Uncommon trap: reason=profile_predicate action=maybe_recompile pc=0x000001819bbfcfbc method=org.apache.catalina.core.ApplicationFilterFactory.createFilterChain(Ljavax/servlet/ServletRequest;Lorg/apache/catalina/Wrapper;Ljavax/servlet/Servlet;)Lorg/apache/

Classes redefined (0 events):
No events

Internal exceptions (10 events):
Event: 14.489 Thread 0x000001818978a000 Exception <a 'java/lang/NoSuchMethodError'{0x0000000084bbe6f8}: java.lang.invoke.DirectMethodHandle$Holder.invokeStatic(Ljava/lang/Object;Ljava/lang/Object;ILjava/lang/Object;I)Ljava/lang/Object;> (0x0000000084bbe6f8) thrown at [./open/src/hotspot/share/i
Event: 14.490 Thread 0x000001818978a000 Exception <a 'java/lang/NoSuchMethodError'{0x0000000084bc1ed0}: java.lang.invoke.DirectMethodHandle$Holder.invokeSpecial(Ljava/lang/Object;Ljava/lang/Object;Ljava/lang/Object;ILjava/lang/Object;I)Ljava/lang/Object;> (0x0000000084bc1ed0) thrown at [./open/
Event: 14.492 Thread 0x000001818978a000 Exception <a 'java/lang/NoSuchMethodError'{0x0000000084bcb898}: java.lang.invoke.DirectMethodHandle$Holder.invokeVirtual(Ljava/lang/Object;Ljava/lang/Object;)V> (0x0000000084bcb898) thrown at [./open/src/hotspot/share/interpreter/linkResolver.cpp, line 77
Event: 87.131 Thread 0x00000181ac042800 Exception <a 'java/lang/NoSuchMethodError'{0x000000008610d030}: java.lang.invoke.DirectMethodHandle$Holder.invokeInterface(Ljava/lang/Object;Ljava/lang/Object;I)Ljava/lang/Object;> (0x000000008610d030) thrown at [./open/src/hotspot/share/interpreter/linkR
Event: 87.139 Thread 0x00000181ac042800 Exception <a 'java/lang/reflect/InvocationTargetException'{0x00000000861168a0}> (0x00000000861168a0) thrown at [./open/src/hotspot/share/runtime/reflection.cpp, line 1242]
Event: 87.139 Thread 0x00000181ac03d800 Exception <a 'java/lang/reflect/InvocationTargetException'{0x00000000862a6048}> (0x00000000862a6048) thrown at [./open/src/hotspot/share/runtime/reflection.cpp, line 1242]
Event: 87.142 Thread 0x00000181aa7df000 Exception <a 'java/lang/reflect/InvocationTargetException'{0x0000000086150620}> (0x0000000086150620) thrown at [./open/src/hotspot/share/runtime/reflection.cpp, line 1242]
Event: 87.250 Thread 0x00000181aa7df000 Exception <a 'java/lang/NoSuchMethodError'{0x0000000085f76980}: java.lang.invoke.Invokers$Holder.invoke_MT(Ljava/lang/Object;Ljava/lang/Object;Ljava/lang/Object;Ljava/lang/Object;)V> (0x0000000085f76980) thrown at [./open/src/hotspot/share/interpreter/lin
Event: 88.466 Thread 0x00000181ac042800 Exception <a 'java/lang/reflect/InvocationTargetException'{0x000000008532a040}> (0x000000008532a040) thrown at [./open/src/hotspot/share/runtime/reflection.cpp, line 1242]
Event: 90.449 Thread 0x00000181ac03e000 Implicit null exception at 0x000001819b8f46e5 to 0x000001819b8f4d6e

Events (10 events):
Event: 128.649 Executing VM operation: HandshakeAllThreads
Event: 128.650 Executing VM operation: HandshakeAllThreads done
Event: 128.663 Thread 0x00000181a9d07000 flushing nmethod 0x0000018194f17990
Event: 128.667 Thread 0x00000181a9d07000 flushing nmethod 0x00000181953e7710
Event: 134.498 Executing VM operation: RevokeBias
Event: 134.498 Executing VM operation: RevokeBias done
Event: 134.931 Executing VM operation: G1CollectForAllocation
Event: 134.944 Executing VM operation: G1CollectForAllocation done
Event: 135.799 loading class org/bson/codecs/DecoderContext$1
Event: 135.799 loading class org/bson/codecs/DecoderContext$1 done


Dynamic libraries:
0x00007ff6d8460000 - 0x00007ff6d846f000 	C:\Program Files\Java\jdk-11.0.9\bin\javaw.exe
0x00007ffa91a80000 - 0x00007ffa91c70000 	C:\WINDOWS\SYSTEM32\ntdll.dll
0x00007ffa8fc10000 - 0x00007ffa8fcc2000 	C:\WINDOWS\System32\KERNEL32.DLL
0x00007ffa8eb10000 - 0x00007ffa8edb5000 	C:\WINDOWS\System32\KERNELBASE.dll
0x00007ffa8ef10000 - 0x00007ffa8f00a000 	C:\WINDOWS\System32\ucrtbase.dll
0x00007ffa78c30000 - 0x00007ffa78c48000 	C:\Program Files\Java\jdk-11.0.9\bin\jli.dll
0x00007ffa78c50000 - 0x00007ffa78c65000 	C:\Program Files\Java\jdk-11.0.9\bin\VCRUNTIME140.dll
0x00007ffa91870000 - 0x00007ffa91913000 	C:\WINDOWS\System32\ADVAPI32.dll
0x00007ffa8fda0000 - 0x00007ffa8fe3e000 	C:\WINDOWS\System32\msvcrt.dll
0x00007ffa91340000 - 0x00007ffa913d7000 	C:\WINDOWS\System32\sechost.dll
0x00007ffa903b0000 - 0x00007ffa904d0000 	C:\WINDOWS\System32\RPCRT4.dll
0x00007ffa900d0000 - 0x00007ffa90264000 	C:\WINDOWS\System32\USER32.dll
0x00007ffa8f8d0000 - 0x00007ffa8f8f1000 	C:\WINDOWS\System32\win32u.dll
0x00007ffa7e550000 - 0x00007ffa7e7d4000 	C:\WINDOWS\WinSxS\amd64_microsoft.windows.common-controls_6595b64144ccf1df_6.0.18362.1198_none_9e820b57e45ad92f\COMCTL32.dll
0x00007ffa91930000 - 0x00007ffa91956000 	C:\WINDOWS\System32\GDI32.dll
0x00007ffa91530000 - 0x00007ffa91865000 	C:\WINDOWS\System32\combase.dll
0x00007ffa8f9b0000 - 0x00007ffa8fb46000 	C:\WINDOWS\System32\gdi32full.dll
0x00007ffa8fb50000 - 0x00007ffa8fbee000 	C:\WINDOWS\System32\msvcp_win.dll
0x00007ffa8f0c0000 - 0x00007ffa8f140000 	C:\WINDOWS\System32\bcryptPrimitives.dll
0x00007ffa82240000 - 0x00007ffa8224a000 	C:\WINDOWS\SYSTEM32\VERSION.dll
0x00007ffa8fff0000 - 0x00007ffa9001e000 	C:\WINDOWS\System32\IMM32.DLL
0x00007ffa77540000 - 0x00007ffa775db000 	C:\Program Files\Java\jdk-11.0.9\bin\msvcp140.dll
0x00007ffa638b0000 - 0x00007ffa643a7000 	C:\Program Files\Java\jdk-11.0.9\bin\server\jvm.dll
0x00007ffa91a10000 - 0x00007ffa91a18000 	C:\WINDOWS\System32\PSAPI.DLL
0x00007ffa8b690000 - 0x00007ffa8b699000 	C:\WINDOWS\SYSTEM32\WSOCK32.dll
0x00007ffa87630000 - 0x00007ffa87654000 	C:\WINDOWS\SYSTEM32\WINMM.dll
0x00007ffa87300000 - 0x00007ffa8732d000 	C:\WINDOWS\SYSTEM32\WINMMBASE.dll
0x00007ffa8f010000 - 0x00007ffa8f05a000 	C:\WINDOWS\System32\cfgmgr32.dll
0x00007ffa913e0000 - 0x00007ffa9144f000 	C:\WINDOWS\System32\WS2_32.dll
0x00007ffa8ea70000 - 0x00007ffa8ea81000 	C:\WINDOWS\System32\kernel.appcore.dll
0x00007ffa88580000 - 0x00007ffa88590000 	C:\Program Files\Java\jdk-11.0.9\bin\verify.dll
0x00007ffa89530000 - 0x00007ffa89724000 	C:\WINDOWS\SYSTEM32\DBGHELP.DLL
0x00007ffa89900000 - 0x00007ffa8992a000 	C:\WINDOWS\SYSTEM32\dbgcore.DLL
0x00007ffa78740000 - 0x00007ffa78768000 	C:\Program Files\Java\jdk-11.0.9\bin\java.dll
0x00007ffa86b80000 - 0x00007ffa86b8a000 	C:\Program Files\Java\jdk-11.0.9\bin\jimage.dll
0x00007ffa78a30000 - 0x00007ffa78a46000 	C:\Program Files\Java\jdk-11.0.9\bin\zip.dll
0x00007ffa90710000 - 0x00007ffa90df7000 	C:\WINDOWS\System32\SHELL32.dll
0x00007ffa91960000 - 0x00007ffa91a09000 	C:\WINDOWS\System32\shcore.dll
0x00007ffa8f140000 - 0x00007ffa8f8c1000 	C:\WINDOWS\System32\windows.storage.dll
0x00007ffa8eab0000 - 0x00007ffa8ead3000 	C:\WINDOWS\System32\profapi.dll
0x00007ffa8ea20000 - 0x00007ffa8ea6a000 	C:\WINDOWS\System32\powrprof.dll
0x00007ffa8ea10000 - 0x00007ffa8ea20000 	C:\WINDOWS\System32\UMPDC.dll
0x00007ffa914d0000 - 0x00007ffa91522000 	C:\WINDOWS\System32\shlwapi.dll
0x00007ffa8fbf0000 - 0x00007ffa8fc07000 	C:\WINDOWS\System32\cryptsp.dll
0x00007ffa78170000 - 0x00007ffa78189000 	C:\Program Files\Java\jdk-11.0.9\bin\net.dll
0x00007ffa8a880000 - 0x00007ffa8a970000 	C:\WINDOWS\SYSTEM32\WINHTTP.dll
0x00007ffa8e200000 - 0x00007ffa8e267000 	C:\WINDOWS\system32\mswsock.dll
0x00007ffa78150000 - 0x00007ffa78162000 	C:\Program Files\Java\jdk-11.0.9\bin\nio.dll
0x00007ffa7dfd0000 - 0x00007ffa7dfd9000 	C:\Program Files\Java\jdk-11.0.9\bin\management.dll
0x00007ffa7d380000 - 0x00007ffa7d38b000 	C:\Program Files\Java\jdk-11.0.9\bin\management_ext.dll
0x00007ffa78500000 - 0x00007ffa78516000 	C:\WINDOWS\system32\napinsp.dll
0x00007ffa77860000 - 0x00007ffa7787a000 	C:\WINDOWS\system32\pnrpnsp.dll
0x00007ffa8df50000 - 0x00007ffa8e01b000 	C:\WINDOWS\SYSTEM32\DNSAPI.dll
0x00007ffa91920000 - 0x00007ffa91928000 	C:\WINDOWS\System32\NSI.dll
0x00007ffa8df10000 - 0x00007ffa8df4a000 	C:\WINDOWS\SYSTEM32\IPHLPAPI.DLL
0x00007ffa83f00000 - 0x00007ffa83f0e000 	C:\WINDOWS\System32\winrnr.dll
0x00007ffa8b5c0000 - 0x00007ffa8b5dc000 	C:\WINDOWS\system32\NLAapi.dll
0x00007ffa76cd0000 - 0x00007ffa76ce5000 	C:\WINDOWS\system32\wshbth.dll
0x00007ffa876b0000 - 0x00007ffa876ba000 	C:\Windows\System32\rasadhlp.dll
0x00007ffa88e60000 - 0x00007ffa88ed7000 	C:\WINDOWS\System32\fwpuclnt.dll
0x00007ffa8eae0000 - 0x00007ffa8eb06000 	C:\WINDOWS\System32\bcrypt.dll
0x00007ffa8dd70000 - 0x00007ffa8dda3000 	C:\WINDOWS\system32\rsaenh.dll
0x00007ffa8e930000 - 0x00007ffa8e955000 	C:\WINDOWS\SYSTEM32\USERENV.dll
0x00007ffa8e3d0000 - 0x00007ffa8e3dc000 	C:\WINDOWS\SYSTEM32\CRYPTBASE.dll
0x00007ffa89470000 - 0x00007ffa89486000 	C:\WINDOWS\SYSTEM32\dhcpcsvc6.DLL
0x00007ffa89450000 - 0x00007ffa8946c000 	C:\WINDOWS\SYSTEM32\dhcpcsvc.DLL

dbghelp: loaded successfully - version: 4.0.5 - missing functions: none
symbol engine: initialized successfully - sym options: 0x614 - pdb path: .;C:\Program Files\Java\jdk-11.0.9\bin;C:\WINDOWS\SYSTEM32;C:\WINDOWS\WinSxS\amd64_microsoft.windows.common-controls_6595b64144ccf1df_6.0.18362.1198_none_9e820b57e45ad92f;C:\Program Files\Java\jdk-11.0.9\bin\server

VM Arguments:
jvm_args: -Dfile.encoding=UTF-8 
java_command: com.example.application.PosteProjectApplication
java_class_path (initial): C:\Users\Abdo\git\Poste-Project\target\classes;C:\Users\Abdo\.m2\repository\io\springfox\springfox-swagger2\2.7.0\springfox-swagger2-2.7.0.jar;C:\Users\Abdo\.m2\repository\io\swagger\swagger-annotations\1.5.13\swagger-annotations-1.5.13.jar;C:\Users\Abdo\.m2\repository\io\swagger\swagger-models\1.5.13\swagger-models-1.5.13.jar;C:\Users\Abdo\.m2\repository\com\fasterxml\jackson\core\jackson-annotations\2.11.3\jackson-annotations-2.11.3.jar;C:\Users\Abdo\.m2\repository\io\springfox\springfox-spi\2.7.0\springfox-spi-2.7.0.jar;C:\Users\Abdo\.m2\repository\io\springfox\springfox-core\2.7.0\springfox-core-2.7.0.jar;C:\Users\Abdo\.m2\repository\io\springfox\springfox-schema\2.7.0\springfox-schema-2.7.0.jar;C:\Users\Abdo\.m2\repository\io\springfox\springfox-swagger-common\2.7.0\springfox-swagger-common-2.7.0.jar;C:\Users\Abdo\.m2\repository\io\springfox\springfox-spring-web\2.7.0\springfox-spring-web-2.7.0.jar;C:\Users\Abdo\.m2\repository\org\reflections\reflections\0.9.11\reflections-0.9.11.jar;C:\Users\Abdo\.m2\repository\org\javassist\javassist\3.21.0-GA\javassist-3.21.0-GA.jar;C:\Users\Abdo\.m2\repository\com\google\guava\guava\18.0\guava-18.0.jar;C:\Users\Abdo\.m2\repository\com\fasterxml\classmate\1.5.1\classmate-1.5.1.jar;C:\Users\Abdo\.m2\repository\org\slf4j\slf4j-api\1.7.30\slf4j-api-1.7.30.jar;C:\Users\Abdo\.m2\repository\org\springframework\plugin\spring-plugin-core\1.2.0.RELEASE\spring-plugin-core-1.2.0.RELEASE.jar;C:\Users\Abdo\.m2\repository\org\springframework\spring-beans\5.3.1\spring-beans-5.3.1.jar;C:\Users\Abdo\.m2\repository\org\springframework\spring-context\5.3.1\spring-context-5.3.1.jar;C:\Users\Abdo\.m2\repository\org\springframework\spring-aop\5.3.1\spring-aop-5.3.1.jar;C:\Users\Abdo\.m2\repository\org\springframework\plugin\spring-plugin-metadata\1.2.0.RELEASE\spring-plugin-metadata-1.2.0.RELEASE.jar;C:\Users\Abdo\.m2\repository\org\mapstruct\mapstruct\1.1.0.Final\mapstruct-1.1.0.Final.jar;C:\Users\Abdo\.m2\repository
Launcher Type: SUN_STANDARD

[Global flags]
     intx CICompilerCount                          = 3                                         {product} {ergonomic}
     uint ConcGCThreads                            = 1                                         {product} {ergonomic}
     uint G1ConcRefinementThreads                  = 4                                         {product} {ergonomic}
   size_t G1HeapRegionSize                         = 1048576                                   {product} {ergonomic}
    uintx GCDrainStackTargetSize                   = 64                                        {product} {ergonomic}
   size_t InitialHeapSize                          = 134217728                                 {product} {ergonomic}
   size_t MarkStackSize                            = 4194304                                   {product} {ergonomic}
   size_t MaxHeapSize                              = 2134900736                                {product} {ergonomic}
   size_t MaxNewSize                               = 1280311296                                {product} {ergonomic}
   size_t MinHeapDeltaBytes                        = 1048576                                   {product} {ergonomic}
    uintx NonNMethodCodeHeapSize                   = 5830732                                {pd product} {ergonomic}
    uintx NonProfiledCodeHeapSize                  = 122913754                              {pd product} {ergonomic}
    uintx ProfiledCodeHeapSize                     = 122913754                              {pd product} {ergonomic}
    uintx ReservedCodeCacheSize                    = 251658240                              {pd product} {ergonomic}
     bool SegmentedCodeCache                       = true                                      {product} {ergonomic}
     bool UseCompressedClassPointers               = true                                 {lp64_product} {ergonomic}
     bool UseCompressedOops                        = true                                 {lp64_product} {ergonomic}
     bool UseG1GC                                  = true                                      {product} {ergonomic}
     bool UseLargePagesIndividualAllocation        = false                                  {pd product} {ergonomic}

Logging:
Log output configuration:
 #0: stdout all=warning uptime,level,tags
 #1: stderr all=off uptime,level,tags

Environment Variables:
PATH=C:\Program Files\Common Files\Oracle\Java\javapath;E:\orcacle_db\oracle\product\10.2.0\db_1\bin;C:\Program Files (x86)\Common Files\Oracle\Java\javapath;C:\WINDOWS\system32;C:\WINDOWS;C:\WINDOWS\System32\Wbem;C:\WINDOWS\System32\WindowsPowerShell\v1.0\;C:\Program Files (x86)\ATI Technologies\ATI.ACE\Core-Static;C:\WINDOWS\System32\OpenSSH\;C:\Program Files\nodejs\;C:\Program Files\Git\cmd;C:\Users\Abdo\AppData\Local\Microsoft\WindowsApps;C:\Users\Abdo\AppData\Local\Programs\Microsoft VS Code\bin;C:\Users\Abdo\AppData\Roaming\npm;
USERNAME=Abdo
OS=Windows_NT
PROCESSOR_IDENTIFIER=Intel64 Family 6 Model 42 Stepping 7, GenuineIntel



---------------  S Y S T E M  ---------------

OS: Windows 10 , 64 bit Build 18362 (10.0.18362.1110)

CPU:total 4 (initial active 4) (2 cores per cpu, 2 threads per core) family 6 model 42 stepping 7, cmov, cx8, fxsr, mmx, sse, sse2, sse3, ssse3, sse4.1, sse4.2, popcnt, avx, aes, clmul, ht, tsc, tscinvbit

Memory: 4k page, system-wide physical 8141M (82M free)
TotalPageFile size 12237M (AvailPageFile size 0M)
current process WorkingSet (physical memory assigned to process): 288M, peak: 310M
current process commit charge ("private bytes"): 348M, peak: 370M

vm_info: Java HotSpot(TM) 64-Bit Server VM (11.0.9+7-LTS) for windows-amd64 JRE (11.0.9+7-LTS), built on Sep 15 2020 16:47:03 by "mach5one" with MS VC++ 15.9 (VS2017)

END.
