#
# There is insufficient memory for the Java Runtime Environment to continue.
# Native memory allocation (malloc) failed to allocate 1143056 bytes for Chunk::new
# Possible reasons:
#   The system is out of physical RAM or swap space
#   The process is running with CompressedOops enabled, and the Java Heap may be blocking the growth of the native heap
# Possible solutions:
#   Reduce memory load on the system
#   Increase physical memory or swap space
#   Check if swap backing store is full
#   Decrease Java heap size (-Xmx/-Xms)
#   Decrease number of Java threads
#   Decrease Java thread stack sizes (-Xss)
#   Set larger code cache with -XX:ReservedCodeCacheSize=
#   JVM is running with Unscaled Compressed Oops mode in which the Java heap is
#     placed in the first 4GB address space. The Java Heap base address is the
#     maximum limit for the native heap growth. Please use -XX:HeapBaseMinAddress
#     to set the Java Heap base and to place the Java Heap above 4GB virtual address.
# This output file may be truncated or incomplete.
#
#  Out of Memory Error (./open/src/hotspot/share/memory/arena.cpp:197), pid=11932, tid=10576
#
# JRE version: Java(TM) SE Runtime Environment 18.9 (11.0.9+7) (build 11.0.9+7-LTS)
# Java VM: Java HotSpot(TM) 64-Bit Server VM 18.9 (11.0.9+7-LTS, mixed mode, tiered, compressed oops, g1 gc, windows-amd64)
# No core dump will be written. Minidumps are not enabled by default on client versions of Windows
#

---------------  S U M M A R Y ------------

Command Line: -Dfile.encoding=UTF-8 com.example.application.PosteProjectApplication

Host: Intel(R) Core(TM) i7-2640M CPU @ 2.80GHz, 4 cores, 7G,  Windows 10 , 64 bit Build 18362 (10.0.18362.1110)
Time: Tue Nov 24 01:49:35 2020 Morocco Daylight Time elapsed time: 1215.534692 seconds (0d 0h 20m 15s)

---------------  T H R E A D  ---------------

Current thread (0x00000276720fe000):  JavaThread "C2 CompilerThread0" daemon [_thread_in_native, id=10576, stack(0x000000840f200000,0x000000840f300000)]


Current CompileTask:
C2:1215534 10491   !   4       org.apache.catalina.core.ApplicationDispatcher::doForward (523 bytes)

Stack: [0x000000840f200000,0x000000840f300000]
Native frames: (J=compiled Java code, j=interpreted, Vv=VM code, C=native code)
V  [jvm.dll+0x611a3a]
V  [jvm.dll+0x748aaf]
V  [jvm.dll+0x74a135]
V  [jvm.dll+0x74a7b3]
V  [jvm.dll+0x2439f8]
V  [jvm.dll+0xba2bc]
V  [jvm.dll+0xba9bc]
V  [jvm.dll+0x3454a2]
V  [jvm.dll+0x313343]
V  [jvm.dll+0x31268a]
V  [jvm.dll+0x1fd495]
V  [jvm.dll+0x1fc64f]
V  [jvm.dll+0x17f08c]
V  [jvm.dll+0x20bc54]
V  [jvm.dll+0x209d2b]
V  [jvm.dll+0x7103d9]
V  [jvm.dll+0x709114]
V  [jvm.dll+0x610cb6]
C  [ucrtbase.dll+0x210b2]
C  [KERNEL32.DLL+0x17c24]
C  [ntdll.dll+0x6d4d1]


---------------  P R O C E S S  ---------------

Threads class SMR info:
_java_thread_list=0x00000276763797a0, length=28, elements={
0x00000276720c6000, 0x00000276720f2000, 0x0000027672a62800, 0x0000027672a63800,
0x00000276720fe000, 0x0000027672aae800, 0x0000027672ab2800, 0x0000027672bce800,
0x0000027672bd1000, 0x0000027673403800, 0x00000276758ec800, 0x0000027675a7a800,
0x0000027675b2d000, 0x000002767647f000, 0x000002767745f800, 0x0000027675b28800,
0x0000027676e7c800, 0x0000027678bab800, 0x0000027677736800, 0x0000027677733800,
0x0000027677735000, 0x0000027677738800, 0x0000027677737800, 0x000002767773a000,
0x0000027677739000, 0x0000027677734800, 0x0000027677736000, 0x0000027677932800
}

Java Threads: ( => current thread )
  0x00000276720c6000 JavaThread "Reference Handler" daemon [_thread_blocked, id=9388, stack(0x000000840ee00000,0x000000840ef00000)]
  0x00000276720f2000 JavaThread "Finalizer" daemon [_thread_blocked, id=5928, stack(0x000000840ef00000,0x000000840f000000)]
  0x0000027672a62800 JavaThread "Signal Dispatcher" daemon [_thread_blocked, id=8868, stack(0x000000840f000000,0x000000840f100000)]
  0x0000027672a63800 JavaThread "Attach Listener" daemon [_thread_blocked, id=11692, stack(0x000000840f100000,0x000000840f200000)]
=>0x00000276720fe000 JavaThread "C2 CompilerThread0" daemon [_thread_in_native, id=10576, stack(0x000000840f200000,0x000000840f300000)]
  0x0000027672aae800 JavaThread "C1 CompilerThread0" daemon [_thread_blocked, id=4300, stack(0x000000840f300000,0x000000840f400000)]
  0x0000027672ab2800 JavaThread "Sweeper thread" daemon [_thread_blocked, id=13892, stack(0x000000840f400000,0x000000840f500000)]
  0x0000027672bce800 JavaThread "Service Thread" daemon [_thread_blocked, id=7316, stack(0x000000840f500000,0x000000840f600000)]
  0x0000027672bd1000 JavaThread "Common-Cleaner" daemon [_thread_blocked, id=12200, stack(0x000000840f700000,0x000000840f800000)]
  0x0000027673403800 JavaThread "Catalina-utility-1" [_thread_blocked, id=7220, stack(0x000000840fc00000,0x000000840fd00000)]
  0x00000276758ec800 JavaThread "Catalina-utility-2" [_thread_blocked, id=8604, stack(0x000000840fe00000,0x000000840ff00000)]
  0x0000027675a7a800 JavaThread "container-0" [_thread_blocked, id=2932, stack(0x000000840ff00000,0x0000008410000000)]
  0x0000027675b2d000 JavaThread "cluster-ClusterId{value='5fbc53e9d5710d74e2762273', description='null'}-localhost:27017" daemon [_thread_in_native, id=3592, stack(0x0000008410000000,0x0000008410100000)]
  0x000002767647f000 JavaThread "cluster-rtt-ClusterId{value='5fbc53e9d5710d74e2762273', description='null'}-localhost:27017" daemon [_thread_blocked, id=2124, stack(0x0000008410100000,0x0000008410200000)]
  0x000002767745f800 JavaThread "http-nio-8090-BlockPoller" daemon [_thread_in_native, id=10868, stack(0x0000008410300000,0x0000008410400000)]
  0x0000027675b28800 JavaThread "http-nio-8090-exec-1" daemon [_thread_blocked, id=8712, stack(0x0000008410400000,0x0000008410500000)]
  0x0000027676e7c800 JavaThread "http-nio-8090-exec-2" daemon [_thread_blocked, id=12280, stack(0x0000008410500000,0x0000008410600000)]
  0x0000027678bab800 JavaThread "http-nio-8090-exec-3" daemon [_thread_blocked, id=5352, stack(0x0000008410600000,0x0000008410700000)]
  0x0000027677736800 JavaThread "http-nio-8090-exec-4" daemon [_thread_blocked, id=5380, stack(0x0000008410700000,0x0000008410800000)]
  0x0000027677733800 JavaThread "http-nio-8090-exec-5" daemon [_thread_blocked, id=5880, stack(0x0000008410800000,0x0000008410900000)]
  0x0000027677735000 JavaThread "http-nio-8090-exec-6" daemon [_thread_blocked, id=5512, stack(0x0000008410900000,0x0000008410a00000)]
  0x0000027677738800 JavaThread "http-nio-8090-exec-7" daemon [_thread_blocked, id=6996, stack(0x0000008410a00000,0x0000008410b00000)]
  0x0000027677737800 JavaThread "http-nio-8090-exec-8" daemon [_thread_blocked, id=13504, stack(0x0000008410b00000,0x0000008410c00000)]
  0x000002767773a000 JavaThread "http-nio-8090-exec-9" daemon [_thread_blocked, id=14308, stack(0x0000008410c00000,0x0000008410d00000)]
  0x0000027677739000 JavaThread "http-nio-8090-exec-10" daemon [_thread_blocked, id=6112, stack(0x0000008410d00000,0x0000008410e00000)]
  0x0000027677734800 JavaThread "http-nio-8090-ClientPoller" daemon [_thread_in_native, id=13692, stack(0x0000008410e00000,0x0000008410f00000)]
  0x0000027677736000 JavaThread "http-nio-8090-Acceptor" daemon [_thread_in_native, id=11612, stack(0x0000008410f00000,0x0000008411000000)]
  0x0000027677932800 JavaThread "DestroyJavaVM" [_thread_blocked, id=12272, stack(0x000000840e700000,0x000000840e800000)]

Other Threads:
  0x00000276720c3000 VMThread "VM Thread" [stack: 0x000000840ed00000,0x000000840ee00000] [id=2860]
  0x0000027672bd4800 WatcherThread [stack: 0x000000840f600000,0x000000840f700000] [id=10708]
  0x0000027653bf4000 GCTaskThread "GC Thread#0" [stack: 0x000000840e800000,0x000000840e900000] [id=3392]
  0x00000276733c4000 GCTaskThread "GC Thread#1" [stack: 0x000000840f800000,0x000000840f900000] [id=7188]
  0x00000276735c3000 GCTaskThread "GC Thread#2" [stack: 0x000000840fa00000,0x000000840fb00000] [id=2380]
  0x0000027673bd8800 GCTaskThread "GC Thread#3" [stack: 0x000000840fd00000,0x000000840fe00000] [id=4652]
  0x0000027653c26000 ConcurrentGCThread "G1 Main Marker" [stack: 0x000000840e900000,0x000000840ea00000] [id=2152]
  0x0000027653c29000 ConcurrentGCThread "G1 Conc#0" [stack: 0x000000840ea00000,0x000000840eb00000] [id=7600]
  0x0000027671f30800 ConcurrentGCThread "G1 Refine#0" [stack: 0x000000840eb00000,0x000000840ec00000] [id=13224]
  0x0000027672cd4800 ConcurrentGCThread "G1 Refine#1" [stack: 0x000000840fb00000,0x000000840fc00000] [id=3336]
  0x0000027653cab000 ConcurrentGCThread "G1 Young RemSet Sampling" [stack: 0x000000840ec00000,0x000000840ed00000] [id=12212]

Threads with active compile tasks:
C2 CompilerThread01215906 10491   !   4       org.apache.catalina.core.ApplicationDispatcher::doForward (523 bytes)

VM state:not at safepoint (normal execution)

VM Mutex/Monitor currently owned by a thread: None

Heap address: 0x0000000080c00000, size: 2036 MB, Compressed Oops mode: 32-bit
Narrow klass base: 0x0000000000000000, Narrow klass shift: 3
Compressed class space size: 1073741824 Address: 0x0000000100000000

Heap:
 garbage-first heap   total 157696K, used 34479K [0x0000000080c00000, 0x0000000100000000)
  region size 1024K, 18 young (18432K), 3 survivors (3072K)
 Metaspace       used 53646K, capacity 55280K, committed 55424K, reserved 1097728K
  class space    used 6158K, capacity 6782K, committed 6784K, reserved 1048576K
Heap Regions: E=young(eden), S=young(survivor), O=old, HS=humongous(starts), HC=humongous(continues), CS=collection set, F=free, A=archive, TAMS=top-at-mark-start (previous, next)
|   0|0x0000000080c00000, 0x0000000080d00000, 0x0000000080d00000|100%| O|  |TAMS 0x0000000080d00000, 0x0000000080c00000| Untracked 
|   1|0x0000000080d00000, 0x0000000080e00000, 0x0000000080e00000|100%| O|  |TAMS 0x0000000080e00000, 0x0000000080d00000| Untracked 
|   2|0x0000000080e00000, 0x0000000080f00000, 0x0000000080f00000|100%| O|  |TAMS 0x0000000080f00000, 0x0000000080e00000| Untracked 
|   3|0x0000000080f00000, 0x0000000081000000, 0x0000000081000000|100%| O|  |TAMS 0x0000000081000000, 0x0000000080f00000| Untracked 
|   4|0x0000000081000000, 0x0000000081100000, 0x0000000081100000|100%| O|  |TAMS 0x00000000810dd400, 0x0000000081000000| Untracked 
|   5|0x0000000081100000, 0x0000000081200000, 0x0000000081200000|100%| O|  |TAMS 0x0000000081100000, 0x0000000081100000| Untracked 
|   6|0x0000000081200000, 0x0000000081300000, 0x0000000081300000|100%| O|  |TAMS 0x0000000081200000, 0x0000000081200000| Untracked 
|   7|0x0000000081300000, 0x0000000081400000, 0x0000000081400000|100%| O|  |TAMS 0x0000000081300000, 0x0000000081300000| Untracked 
|   8|0x0000000081400000, 0x0000000081500000, 0x0000000081500000|100%| O|  |TAMS 0x0000000081400000, 0x0000000081400000| Untracked 
|   9|0x0000000081500000, 0x0000000081600000, 0x0000000081600000|100%| O|  |TAMS 0x0000000081500000, 0x0000000081500000| Untracked 
|  10|0x0000000081600000, 0x0000000081700000, 0x0000000081700000|100%| O|  |TAMS 0x0000000081600000, 0x0000000081600000| Untracked 
|  11|0x0000000081700000, 0x0000000081800000, 0x0000000081800000|100%| O|  |TAMS 0x0000000081700000, 0x0000000081700000| Untracked 
|  12|0x0000000081800000, 0x0000000081900000, 0x0000000081900000|100%| O|  |TAMS 0x0000000081800000, 0x0000000081800000| Untracked 
|  13|0x0000000081900000, 0x0000000081a00000, 0x0000000081a00000|100%| O|  |TAMS 0x0000000081900000, 0x0000000081900000| Untracked 
|  14|0x0000000081a00000, 0x0000000081b00000, 0x0000000081b00000|100%| O|  |TAMS 0x0000000081a00000, 0x0000000081a00000| Untracked 
|  15|0x0000000081b00000, 0x0000000081c00000, 0x0000000081c00000|100%| O|  |TAMS 0x0000000081b00000, 0x0000000081b00000| Untracked 
|  16|0x0000000081c00000, 0x0000000081d00000, 0x0000000081d00000|100%| O|  |TAMS 0x0000000081c00000, 0x0000000081c00000| Untracked 
|  17|0x0000000081d00000, 0x0000000081d00000, 0x0000000081e00000|  0%| F|  |TAMS 0x0000000081d00000, 0x0000000081d00000| Untracked 
|  18|0x0000000081e00000, 0x0000000081e00000, 0x0000000081f00000|  0%| F|  |TAMS 0x0000000081e00000, 0x0000000081e00000| Untracked 
|  19|0x0000000081f00000, 0x0000000081f00000, 0x0000000082000000|  0%| F|  |TAMS 0x0000000081f00000, 0x0000000081f00000| Untracked 
|  20|0x0000000082000000, 0x0000000082000000, 0x0000000082100000|  0%| F|  |TAMS 0x0000000082000000, 0x0000000082000000| Untracked 
|  21|0x0000000082100000, 0x0000000082100000, 0x0000000082200000|  0%| F|  |TAMS 0x0000000082100000, 0x0000000082100000| Untracked 
|  22|0x0000000082200000, 0x0000000082200000, 0x0000000082300000|  0%| F|  |TAMS 0x0000000082200000, 0x0000000082200000| Untracked 
|  23|0x0000000082300000, 0x0000000082300000, 0x0000000082400000|  0%| F|  |TAMS 0x0000000082300000, 0x0000000082300000| Untracked 
|  24|0x0000000082400000, 0x0000000082400000, 0x0000000082500000|  0%| F|  |TAMS 0x0000000082400000, 0x0000000082400000| Untracked 
|  25|0x0000000082500000, 0x0000000082500000, 0x0000000082600000|  0%| F|  |TAMS 0x0000000082500000, 0x0000000082500000| Untracked 
|  26|0x0000000082600000, 0x0000000082600000, 0x0000000082700000|  0%| F|  |TAMS 0x0000000082600000, 0x0000000082600000| Untracked 
|  27|0x0000000082700000, 0x0000000082700000, 0x0000000082800000|  0%| F|  |TAMS 0x0000000082700000, 0x0000000082700000| Untracked 
|  28|0x0000000082800000, 0x0000000082800000, 0x0000000082900000|  0%| F|  |TAMS 0x0000000082800000, 0x0000000082800000| Untracked 
|  29|0x0000000082900000, 0x0000000082900000, 0x0000000082a00000|  0%| F|  |TAMS 0x0000000082900000, 0x0000000082900000| Untracked 
|  30|0x0000000082a00000, 0x0000000082a00000, 0x0000000082b00000|  0%| F|  |TAMS 0x0000000082a00000, 0x0000000082a00000| Untracked 
|  31|0x0000000082b00000, 0x0000000082b00000, 0x0000000082c00000|  0%| F|  |TAMS 0x0000000082b00000, 0x0000000082b00000| Untracked 
|  32|0x0000000082c00000, 0x0000000082c00000, 0x0000000082d00000|  0%| F|  |TAMS 0x0000000082c00000, 0x0000000082c00000| Untracked 
|  33|0x0000000082d00000, 0x0000000082d00000, 0x0000000082e00000|  0%| F|  |TAMS 0x0000000082d00000, 0x0000000082d00000| Untracked 
|  34|0x0000000082e00000, 0x0000000082e00000, 0x0000000082f00000|  0%| F|  |TAMS 0x0000000082e00000, 0x0000000082e00000| Untracked 
|  35|0x0000000082f00000, 0x0000000082f00000, 0x0000000083000000|  0%| F|  |TAMS 0x0000000082f00000, 0x0000000082f00000| Untracked 
|  36|0x0000000083000000, 0x0000000083000000, 0x0000000083100000|  0%| F|  |TAMS 0x0000000083000000, 0x0000000083000000| Untracked 
|  37|0x0000000083100000, 0x0000000083100000, 0x0000000083200000|  0%| F|  |TAMS 0x0000000083100000, 0x0000000083100000| Untracked 
|  38|0x0000000083200000, 0x0000000083200000, 0x0000000083300000|  0%| F|  |TAMS 0x0000000083200000, 0x0000000083200000| Untracked 
|  39|0x0000000083300000, 0x0000000083300000, 0x0000000083400000|  0%| F|  |TAMS 0x0000000083300000, 0x0000000083300000| Untracked 
|  40|0x0000000083400000, 0x0000000083400000, 0x0000000083500000|  0%| F|  |TAMS 0x0000000083400000, 0x0000000083400000| Untracked 
|  41|0x0000000083500000, 0x0000000083500000, 0x0000000083600000|  0%| F|  |TAMS 0x0000000083500000, 0x0000000083500000| Untracked 
|  42|0x0000000083600000, 0x0000000083600000, 0x0000000083700000|  0%| F|  |TAMS 0x0000000083600000, 0x0000000083600000| Untracked 
|  43|0x0000000083700000, 0x0000000083700000, 0x0000000083800000|  0%| F|  |TAMS 0x0000000083700000, 0x0000000083700000| Untracked 
|  44|0x0000000083800000, 0x0000000083800000, 0x0000000083900000|  0%| F|  |TAMS 0x0000000083800000, 0x0000000083800000| Untracked 
|  45|0x0000000083900000, 0x0000000083900000, 0x0000000083a00000|  0%| F|  |TAMS 0x0000000083900000, 0x0000000083900000| Untracked 
|  46|0x0000000083a00000, 0x0000000083a00000, 0x0000000083b00000|  0%| F|  |TAMS 0x0000000083a00000, 0x0000000083a00000| Untracked 
|  47|0x0000000083b00000, 0x0000000083b00000, 0x0000000083c00000|  0%| F|  |TAMS 0x0000000083b00000, 0x0000000083b00000| Untracked 
|  48|0x0000000083c00000, 0x0000000083c00000, 0x0000000083d00000|  0%| F|  |TAMS 0x0000000083c00000, 0x0000000083c00000| Untracked 
|  49|0x0000000083d00000, 0x0000000083d00000, 0x0000000083e00000|  0%| F|  |TAMS 0x0000000083d00000, 0x0000000083d00000| Untracked 
|  50|0x0000000083e00000, 0x0000000083e00000, 0x0000000083f00000|  0%| F|  |TAMS 0x0000000083e00000, 0x0000000083e00000| Untracked 
|  51|0x0000000083f00000, 0x0000000083f00000, 0x0000000084000000|  0%| F|  |TAMS 0x0000000083f00000, 0x0000000083f00000| Untracked 
|  52|0x0000000084000000, 0x0000000084000000, 0x0000000084100000|  0%| F|  |TAMS 0x0000000084000000, 0x0000000084000000| Untracked 
|  53|0x0000000084100000, 0x0000000084100000, 0x0000000084200000|  0%| F|  |TAMS 0x0000000084100000, 0x0000000084100000| Untracked 
|  54|0x0000000084200000, 0x0000000084200000, 0x0000000084300000|  0%| F|  |TAMS 0x0000000084200000, 0x0000000084200000| Untracked 
|  55|0x0000000084300000, 0x0000000084300000, 0x0000000084400000|  0%| F|  |TAMS 0x0000000084300000, 0x0000000084300000| Untracked 
|  56|0x0000000084400000, 0x0000000084400000, 0x0000000084500000|  0%| F|  |TAMS 0x0000000084400000, 0x0000000084400000| Untracked 
|  57|0x0000000084500000, 0x0000000084500000, 0x0000000084600000|  0%| F|  |TAMS 0x0000000084500000, 0x0000000084500000| Untracked 
|  58|0x0000000084600000, 0x0000000084600000, 0x0000000084700000|  0%| F|  |TAMS 0x0000000084600000, 0x0000000084600000| Untracked 
|  59|0x0000000084700000, 0x00000000847abe10, 0x0000000084800000| 67%| S|CS|TAMS 0x0000000084700000, 0x0000000084700000| Complete 
|  60|0x0000000084800000, 0x0000000084800000, 0x0000000084900000|  0%| F|  |TAMS 0x0000000084800000, 0x0000000084800000| Untracked 
|  61|0x0000000084900000, 0x0000000084900000, 0x0000000084a00000|  0%| F|  |TAMS 0x0000000084900000, 0x0000000084900000| Untracked 
|  62|0x0000000084a00000, 0x0000000084b00000, 0x0000000084b00000|100%| S|CS|TAMS 0x0000000084a00000, 0x0000000084a00000| Complete 
|  63|0x0000000084b00000, 0x0000000084c00000, 0x0000000084c00000|100%| S|CS|TAMS 0x0000000084b00000, 0x0000000084b00000| Complete 
|  64|0x0000000084c00000, 0x0000000084c00000, 0x0000000084d00000|  0%| F|  |TAMS 0x0000000084c00000, 0x0000000084c00000| Untracked 
|  65|0x0000000084d00000, 0x0000000084d00000, 0x0000000084e00000|  0%| F|  |TAMS 0x0000000084d00000, 0x0000000084d00000| Untracked 
|  66|0x0000000084e00000, 0x0000000084e00000, 0x0000000084f00000|  0%| F|  |TAMS 0x0000000084e00000, 0x0000000084e00000| Untracked 
|  67|0x0000000084f00000, 0x0000000084f00000, 0x0000000085000000|  0%| F|  |TAMS 0x0000000084f00000, 0x0000000084f00000| Untracked 
|  68|0x0000000085000000, 0x0000000085000000, 0x0000000085100000|  0%| F|  |TAMS 0x0000000085000000, 0x0000000085000000| Untracked 
|  69|0x0000000085100000, 0x0000000085100000, 0x0000000085200000|  0%| F|  |TAMS 0x0000000085100000, 0x0000000085100000| Untracked 
|  70|0x0000000085200000, 0x0000000085200000, 0x0000000085300000|  0%| F|  |TAMS 0x0000000085200000, 0x0000000085200000| Untracked 
|  71|0x0000000085300000, 0x0000000085300000, 0x0000000085400000|  0%| F|  |TAMS 0x0000000085300000, 0x0000000085300000| Untracked 
|  72|0x0000000085400000, 0x0000000085400000, 0x0000000085500000|  0%| F|  |TAMS 0x0000000085400000, 0x0000000085400000| Untracked 
|  73|0x0000000085500000, 0x0000000085500000, 0x0000000085600000|  0%| F|  |TAMS 0x0000000085500000, 0x0000000085500000| Untracked 
|  74|0x0000000085600000, 0x0000000085600000, 0x0000000085700000|  0%| F|  |TAMS 0x0000000085600000, 0x0000000085600000| Untracked 
|  75|0x0000000085700000, 0x0000000085700000, 0x0000000085800000|  0%| F|  |TAMS 0x0000000085700000, 0x0000000085700000| Untracked 
|  76|0x0000000085800000, 0x0000000085800000, 0x0000000085900000|  0%| F|  |TAMS 0x0000000085800000, 0x0000000085800000| Untracked 
|  77|0x0000000085900000, 0x0000000085900000, 0x0000000085a00000|  0%| F|  |TAMS 0x0000000085900000, 0x0000000085900000| Untracked 
|  78|0x0000000085a00000, 0x0000000085a00000, 0x0000000085b00000|  0%| F|  |TAMS 0x0000000085a00000, 0x0000000085a00000| Untracked 
|  79|0x0000000085b00000, 0x0000000085b00000, 0x0000000085c00000|  0%| F|  |TAMS 0x0000000085b00000, 0x0000000085b00000| Untracked 
|  80|0x0000000085c00000, 0x0000000085c00000, 0x0000000085d00000|  0%| F|  |TAMS 0x0000000085c00000, 0x0000000085c00000| Untracked 
|  81|0x0000000085d00000, 0x0000000085d00000, 0x0000000085e00000|  0%| F|  |TAMS 0x0000000085d00000, 0x0000000085d00000| Untracked 
|  82|0x0000000085e00000, 0x0000000085e00000, 0x0000000085f00000|  0%| F|  |TAMS 0x0000000085e00000, 0x0000000085e00000| Untracked 
|  83|0x0000000085f00000, 0x0000000085f00000, 0x0000000086000000|  0%| F|  |TAMS 0x0000000085f00000, 0x0000000085f00000| Untracked 
|  84|0x0000000086000000, 0x0000000086000000, 0x0000000086100000|  0%| F|  |TAMS 0x0000000086000000, 0x0000000086000000| Untracked 
|  85|0x0000000086100000, 0x0000000086100000, 0x0000000086200000|  0%| F|  |TAMS 0x0000000086100000, 0x0000000086100000| Untracked 
|  86|0x0000000086200000, 0x0000000086200000, 0x0000000086300000|  0%| F|  |TAMS 0x0000000086200000, 0x0000000086200000| Untracked 
|  87|0x0000000086300000, 0x0000000086300000, 0x0000000086400000|  0%| F|  |TAMS 0x0000000086300000, 0x0000000086300000| Untracked 
|  88|0x0000000086400000, 0x0000000086400000, 0x0000000086500000|  0%| F|  |TAMS 0x0000000086400000, 0x0000000086400000| Untracked 
|  89|0x0000000086500000, 0x0000000086500000, 0x0000000086600000|  0%| F|  |TAMS 0x0000000086500000, 0x0000000086500000| Untracked 
|  90|0x0000000086600000, 0x0000000086600000, 0x0000000086700000|  0%| F|  |TAMS 0x0000000086600000, 0x0000000086600000| Untracked 
|  91|0x0000000086700000, 0x0000000086700000, 0x0000000086800000|  0%| F|  |TAMS 0x0000000086700000, 0x0000000086700000| Untracked 
|  92|0x0000000086800000, 0x0000000086800000, 0x0000000086900000|  0%| F|  |TAMS 0x0000000086800000, 0x0000000086800000| Untracked 
|  93|0x0000000086900000, 0x0000000086900000, 0x0000000086a00000|  0%| F|  |TAMS 0x0000000086900000, 0x0000000086900000| Untracked 
|  94|0x0000000086a00000, 0x0000000086a00000, 0x0000000086b00000|  0%| F|  |TAMS 0x0000000086a00000, 0x0000000086a00000| Untracked 
|  95|0x0000000086b00000, 0x0000000086b00000, 0x0000000086c00000|  0%| F|  |TAMS 0x0000000086b00000, 0x0000000086b00000| Untracked 
|  96|0x0000000086c00000, 0x0000000086c00000, 0x0000000086d00000|  0%| F|  |TAMS 0x0000000086c00000, 0x0000000086c00000| Untracked 
|  97|0x0000000086d00000, 0x0000000086d00000, 0x0000000086e00000|  0%| F|  |TAMS 0x0000000086d00000, 0x0000000086d00000| Untracked 
|  98|0x0000000086e00000, 0x0000000086e00000, 0x0000000086f00000|  0%| F|  |TAMS 0x0000000086e00000, 0x0000000086e00000| Untracked 
|  99|0x0000000086f00000, 0x0000000086f00000, 0x0000000087000000|  0%| F|  |TAMS 0x0000000086f00000, 0x0000000086f00000| Untracked 
| 100|0x0000000087000000, 0x0000000087000000, 0x0000000087100000|  0%| F|  |TAMS 0x0000000087000000, 0x0000000087000000| Untracked 
| 101|0x0000000087100000, 0x0000000087100000, 0x0000000087200000|  0%| F|  |TAMS 0x0000000087100000, 0x0000000087100000| Untracked 
| 102|0x0000000087200000, 0x0000000087200000, 0x0000000087300000|  0%| F|  |TAMS 0x0000000087200000, 0x0000000087200000| Untracked 
| 103|0x0000000087300000, 0x0000000087300000, 0x0000000087400000|  0%| F|  |TAMS 0x0000000087300000, 0x0000000087300000| Untracked 
| 104|0x0000000087400000, 0x0000000087400000, 0x0000000087500000|  0%| F|  |TAMS 0x0000000087400000, 0x0000000087400000| Untracked 
| 105|0x0000000087500000, 0x0000000087500000, 0x0000000087600000|  0%| F|  |TAMS 0x0000000087500000, 0x0000000087500000| Untracked 
| 106|0x0000000087600000, 0x0000000087600000, 0x0000000087700000|  0%| F|  |TAMS 0x0000000087600000, 0x0000000087600000| Untracked 
| 107|0x0000000087700000, 0x0000000087700000, 0x0000000087800000|  0%| F|  |TAMS 0x0000000087700000, 0x0000000087700000| Untracked 
| 108|0x0000000087800000, 0x0000000087800000, 0x0000000087900000|  0%| F|  |TAMS 0x0000000087800000, 0x0000000087800000| Untracked 
| 109|0x0000000087900000, 0x0000000087900000, 0x0000000087a00000|  0%| F|  |TAMS 0x0000000087900000, 0x0000000087900000| Untracked 
| 110|0x0000000087a00000, 0x0000000087a00000, 0x0000000087b00000|  0%| F|  |TAMS 0x0000000087a00000, 0x0000000087a00000| Untracked 
| 111|0x0000000087b00000, 0x0000000087b00000, 0x0000000087c00000|  0%| F|  |TAMS 0x0000000087b00000, 0x0000000087b00000| Untracked 
| 112|0x0000000087c00000, 0x0000000087c00000, 0x0000000087d00000|  0%| F|  |TAMS 0x0000000087c00000, 0x0000000087c00000| Untracked 
| 113|0x0000000087d00000, 0x0000000087d00000, 0x0000000087e00000|  0%| F|  |TAMS 0x0000000087d00000, 0x0000000087d00000| Untracked 
| 114|0x0000000087e00000, 0x0000000087e00000, 0x0000000087f00000|  0%| F|  |TAMS 0x0000000087e00000, 0x0000000087e00000| Untracked 
| 115|0x0000000087f00000, 0x0000000087f00000, 0x0000000088000000|  0%| F|  |TAMS 0x0000000087f00000, 0x0000000087f00000| Untracked 
| 116|0x0000000088000000, 0x0000000088000000, 0x0000000088100000|  0%| F|  |TAMS 0x0000000088000000, 0x0000000088000000| Untracked 
| 117|0x0000000088100000, 0x0000000088100000, 0x0000000088200000|  0%| F|  |TAMS 0x0000000088100000, 0x0000000088100000| Untracked 
| 118|0x0000000088200000, 0x0000000088200000, 0x0000000088300000|  0%| F|  |TAMS 0x0000000088200000, 0x0000000088200000| Untracked 
| 119|0x0000000088300000, 0x0000000088300000, 0x0000000088400000|  0%| F|  |TAMS 0x0000000088300000, 0x0000000088300000| Untracked 
| 120|0x0000000088400000, 0x0000000088400000, 0x0000000088500000|  0%| F|  |TAMS 0x0000000088400000, 0x0000000088400000| Untracked 
| 121|0x0000000088500000, 0x0000000088500000, 0x0000000088600000|  0%| F|  |TAMS 0x0000000088500000, 0x0000000088500000| Untracked 
| 122|0x0000000088600000, 0x0000000088600000, 0x0000000088700000|  0%| F|  |TAMS 0x0000000088600000, 0x0000000088600000| Untracked 
| 123|0x0000000088700000, 0x0000000088700000, 0x0000000088800000|  0%| F|  |TAMS 0x0000000088700000, 0x0000000088700000| Untracked 
| 124|0x0000000088800000, 0x0000000088800000, 0x0000000088900000|  0%| F|  |TAMS 0x0000000088800000, 0x0000000088800000| Untracked 
| 125|0x0000000088900000, 0x0000000088900000, 0x0000000088a00000|  0%| F|  |TAMS 0x0000000088900000, 0x0000000088900000| Untracked 
| 126|0x0000000088a00000, 0x0000000088a00000, 0x0000000088b00000|  0%| F|  |TAMS 0x0000000088a00000, 0x0000000088a00000| Untracked 
| 127|0x0000000088b00000, 0x0000000088b00000, 0x0000000088c00000|  0%| F|  |TAMS 0x0000000088b00000, 0x0000000088b00000| Untracked 
| 128|0x0000000088c00000, 0x0000000088c00000, 0x0000000088d00000|  0%| F|  |TAMS 0x0000000088c00000, 0x0000000088c00000| Untracked 
| 129|0x0000000088d00000, 0x0000000088d00000, 0x0000000088e00000|  0%| F|  |TAMS 0x0000000088d00000, 0x0000000088d00000| Untracked 
| 130|0x0000000088e00000, 0x0000000088e00000, 0x0000000088f00000|  0%| F|  |TAMS 0x0000000088e00000, 0x0000000088e00000| Untracked 
| 131|0x0000000088f00000, 0x0000000088f00000, 0x0000000089000000|  0%| F|  |TAMS 0x0000000088f00000, 0x0000000088f00000| Untracked 
| 132|0x0000000089000000, 0x0000000089000000, 0x0000000089100000|  0%| F|  |TAMS 0x0000000089000000, 0x0000000089000000| Untracked 
| 133|0x0000000089100000, 0x0000000089100000, 0x0000000089200000|  0%| F|  |TAMS 0x0000000089100000, 0x0000000089100000| Untracked 
| 134|0x0000000089200000, 0x0000000089200000, 0x0000000089300000|  0%| F|  |TAMS 0x0000000089200000, 0x0000000089200000| Untracked 
| 135|0x0000000089300000, 0x0000000089300000, 0x0000000089400000|  0%| F|  |TAMS 0x0000000089300000, 0x0000000089300000| Untracked 
| 136|0x0000000089400000, 0x0000000089400000, 0x0000000089500000|  0%| F|  |TAMS 0x0000000089400000, 0x0000000089400000| Untracked 
| 137|0x0000000089500000, 0x0000000089500000, 0x0000000089600000|  0%| F|  |TAMS 0x0000000089500000, 0x0000000089500000| Untracked 
| 138|0x0000000089600000, 0x0000000089600000, 0x0000000089700000|  0%| F|  |TAMS 0x0000000089600000, 0x0000000089600000| Untracked 
| 139|0x0000000089700000, 0x00000000897b6388, 0x0000000089800000| 71%| E|  |TAMS 0x0000000089700000, 0x0000000089700000| Complete 
| 140|0x0000000089800000, 0x0000000089900000, 0x0000000089900000|100%| E|CS|TAMS 0x0000000089800000, 0x0000000089800000| Complete 
| 141|0x0000000089900000, 0x0000000089a00000, 0x0000000089a00000|100%| E|CS|TAMS 0x0000000089900000, 0x0000000089900000| Complete 
| 142|0x0000000089a00000, 0x0000000089b00000, 0x0000000089b00000|100%| E|CS|TAMS 0x0000000089a00000, 0x0000000089a00000| Complete 
| 143|0x0000000089b00000, 0x0000000089c00000, 0x0000000089c00000|100%| E|CS|TAMS 0x0000000089b00000, 0x0000000089b00000| Complete 
| 144|0x0000000089c00000, 0x0000000089d00000, 0x0000000089d00000|100%| E|CS|TAMS 0x0000000089c00000, 0x0000000089c00000| Complete 
| 145|0x0000000089d00000, 0x0000000089e00000, 0x0000000089e00000|100%| E|CS|TAMS 0x0000000089d00000, 0x0000000089d00000| Complete 
| 146|0x0000000089e00000, 0x0000000089f00000, 0x0000000089f00000|100%| E|CS|TAMS 0x0000000089e00000, 0x0000000089e00000| Complete 
| 147|0x0000000089f00000, 0x000000008a000000, 0x000000008a000000|100%| E|CS|TAMS 0x0000000089f00000, 0x0000000089f00000| Complete 
| 148|0x000000008a000000, 0x000000008a100000, 0x000000008a100000|100%| E|CS|TAMS 0x000000008a000000, 0x000000008a000000| Complete 
| 149|0x000000008a100000, 0x000000008a200000, 0x000000008a200000|100%| E|CS|TAMS 0x000000008a100000, 0x000000008a100000| Complete 
| 150|0x000000008a200000, 0x000000008a300000, 0x000000008a300000|100%| E|CS|TAMS 0x000000008a200000, 0x000000008a200000| Complete 
| 151|0x000000008a300000, 0x000000008a400000, 0x000000008a400000|100%| E|CS|TAMS 0x000000008a300000, 0x000000008a300000| Complete 
| 152|0x000000008a400000, 0x000000008a500000, 0x000000008a500000|100%| E|CS|TAMS 0x000000008a400000, 0x000000008a400000| Complete 
| 153|0x000000008a500000, 0x000000008a600000, 0x000000008a600000|100%| E|CS|TAMS 0x000000008a500000, 0x000000008a500000| Complete 

Card table byte_map: [0x000002766b450000,0x000002766b850000] _byte_map_base: 0x000002766b04a000

Marking Bits (Prev, Next): (CMBitMap*) 0x0000027653c1c098, (CMBitMap*) 0x0000027653c1c0d0
 Prev Bits: [0x000002766bc50000, 0x000002766dc20000)
 Next Bits: [0x000002766dc20000, 0x000002766fbf0000)

Polling page: 0x0000027651be0000

Metaspace:

Usage:
  Non-class:     47.36 MB capacity,    46.37 MB ( 98%) used,   809.79 KB (  2%) free+waste,   200.63 KB ( <1%) overhead. 
      Class:      6.62 MB capacity,     6.01 MB ( 91%) used,   531.94 KB (  8%) free+waste,    91.13 KB (  1%) overhead. 
       Both:     53.98 MB capacity,    52.39 MB ( 97%) used,     1.31 MB (  2%) free+waste,   291.75 KB ( <1%) overhead. 

Virtual space:
  Non-class space:       48.00 MB reserved,      47.50 MB ( 99%) committed 
      Class space:        1.00 GB reserved,       6.63 MB ( <1%) committed 
             Both:        1.05 GB reserved,      54.13 MB (  5%) committed 

Chunk freelists:
   Non-Class:  1.75 KB
       Class:  0 bytes
        Both:  1.75 KB

CodeHeap 'non-profiled nmethods': size=120064Kb used=8775Kb max_used=8775Kb free=111288Kb
 bounds [0x0000027663b10000, 0x00000276643b0000, 0x000002766b050000]
CodeHeap 'profiled nmethods': size=120000Kb used=15070Kb max_used=20300Kb free=104929Kb
 bounds [0x000002765c5e0000, 0x000002765d9c0000, 0x0000027663b10000]
CodeHeap 'non-nmethods': size=5696Kb used=1181Kb max_used=1252Kb free=4514Kb
 bounds [0x000002765c050000, 0x000002765c2c0000, 0x000002765c5e0000]
 total_blobs=8787 nmethods=8269 adapters=428
 compilation: enabled
              stopped_count=0, restarted_count=0
 full_count=0

Compilation events (10 events):
Event: 1211.867 Thread 0x0000027672aae800 nmethod 10486 0x000002765c5fdf90 code [0x000002765c5fe120, 0x000002765c5fe278]
Event: 1212.656 Thread 0x00000276720fe000 10487       4       org.springframework.web.servlet.function.support.HandlerFunctionAdapter::supports (5 bytes)
Event: 1212.658 Thread 0x00000276720fe000 nmethod 10487 0x00000276641f2590 code [0x00000276641f2720, 0x00000276641f27d8]
Event: 1212.658 Thread 0x00000276720fe000 10488       4       org.springframework.web.servlet.mvc.HttpRequestHandlerAdapter::supports (5 bytes)
Event: 1212.659 Thread 0x00000276720fe000 nmethod 10488 0x00000276643a1f10 code [0x00000276643a20a0, 0x00000276643a2138]
Event: 1215.175 Thread 0x00000276720fe000 10489       4       org.apache.catalina.core.ApplicationDispatcher::unwrapResponse (122 bytes)
Event: 1215.177 Thread 0x00000276720fe000 nmethod 10489 0x00000276643a2210 code [0x00000276643a23a0, 0x00000276643a2438]
Event: 1215.197 Thread 0x00000276720fe000 10490       4       org.apache.catalina.core.ApplicationDispatcher::wrapResponse (174 bytes)
Event: 1215.203 Thread 0x00000276720fe000 nmethod 10490 0x00000276643a2510 code [0x00000276643a26a0, 0x00000276643a2858]
Event: 1215.237 Thread 0x00000276720fe000 10491   !   4       org.apache.catalina.core.ApplicationDispatcher::doForward (523 bytes)

GC Heap History (10 events):
Event: 854.718 GC heap before
{Heap before GC invocations=19 (full 0):
 garbage-first heap   total 157696K, used 111235K [0x0000000080c00000, 0x0000000100000000)
  region size 1024K, 92 young (94208K), 3 survivors (3072K)
 Metaspace       used 53598K, capacity 55235K, committed 55424K, reserved 1097728K
  class space    used 6150K, capacity 6767K, committed 6784K, reserved 1048576K
}
Event: 854.729 GC heap after
{Heap after GC invocations=20 (full 0):
 garbage-first heap   total 157696K, used 20106K [0x0000000080c00000, 0x0000000100000000)
  region size 1024K, 3 young (3072K), 3 survivors (3072K)
 Metaspace       used 53598K, capacity 55235K, committed 55424K, reserved 1097728K
  class space    used 6150K, capacity 6767K, committed 6784K, reserved 1048576K
}
Event: 1185.353 GC heap before
{Heap before GC invocations=20 (full 0):
 garbage-first heap   total 157696K, used 111242K [0x0000000080c00000, 0x0000000100000000)
  region size 1024K, 92 young (94208K), 3 survivors (3072K)
 Metaspace       used 53642K, capacity 55280K, committed 55424K, reserved 1097728K
  class space    used 6158K, capacity 6782K, committed 6784K, reserved 1048576K
}
Event: 1185.366 GC heap after
{Heap after GC invocations=21 (full 0):
 garbage-first heap   total 157696K, used 20244K [0x0000000080c00000, 0x0000000100000000)
  region size 1024K, 3 young (3072K), 3 survivors (3072K)
 Metaspace       used 53642K, capacity 55280K, committed 55424K, reserved 1097728K
  class space    used 6158K, capacity 6782K, committed 6784K, reserved 1048576K
}
Event: 1195.018 GC heap before
{Heap before GC invocations=21 (full 0):
 garbage-first heap   total 157696K, used 111380K [0x0000000080c00000, 0x0000000100000000)
  region size 1024K, 92 young (94208K), 3 survivors (3072K)
 Metaspace       used 53643K, capacity 55280K, committed 55424K, reserved 1097728K
  class space    used 6158K, capacity 6782K, committed 6784K, reserved 1048576K
}
Event: 1195.030 GC heap after
{Heap after GC invocations=22 (full 0):
 garbage-first heap   total 157696K, used 20082K [0x0000000080c00000, 0x0000000100000000)
  region size 1024K, 3 young (3072K), 3 survivors (3072K)
 Metaspace       used 53643K, capacity 55280K, committed 55424K, reserved 1097728K
  class space    used 6158K, capacity 6782K, committed 6784K, reserved 1048576K
}
Event: 1205.153 GC heap before
{Heap before GC invocations=22 (full 0):
 garbage-first heap   total 157696K, used 111218K [0x0000000080c00000, 0x0000000100000000)
  region size 1024K, 92 young (94208K), 3 survivors (3072K)
 Metaspace       used 53644K, capacity 55280K, committed 55424K, reserved 1097728K
  class space    used 6158K, capacity 6782K, committed 6784K, reserved 1048576K
}
Event: 1205.165 GC heap after
{Heap after GC invocations=23 (full 0):
 garbage-first heap   total 157696K, used 20105K [0x0000000080c00000, 0x0000000100000000)
  region size 1024K, 3 young (3072K), 3 survivors (3072K)
 Metaspace       used 53644K, capacity 55280K, committed 55424K, reserved 1097728K
  class space    used 6158K, capacity 6782K, committed 6784K, reserved 1048576K
}
Event: 1214.432 GC heap before
{Heap before GC invocations=23 (full 0):
 garbage-first heap   total 157696K, used 111241K [0x0000000080c00000, 0x0000000100000000)
  region size 1024K, 92 young (94208K), 3 survivors (3072K)
 Metaspace       used 53644K, capacity 55280K, committed 55424K, reserved 1097728K
  class space    used 6158K, capacity 6782K, committed 6784K, reserved 1048576K
}
Event: 1214.444 GC heap after
{Heap after GC invocations=24 (full 0):
 garbage-first heap   total 157696K, used 20143K [0x0000000080c00000, 0x0000000100000000)
  region size 1024K, 3 young (3072K), 3 survivors (3072K)
 Metaspace       used 53644K, capacity 55280K, committed 55424K, reserved 1097728K
  class space    used 6158K, capacity 6782K, committed 6784K, reserved 1048576K
}

Deoptimization events (10 events):
Event: 717.180 Thread 0x000002767773a000 Uncommon trap: reason=unstable_if action=reinterpret pc=0x00000276641f2a08 method=org.apache.coyote.http11.Http11InputBuffer.recycle()V @ 19 c2
Event: 717.673 Thread 0x0000027677733800 Uncommon trap: reason=class_check action=maybe_recompile pc=0x000002766412cc18 method=java.lang.Throwable.<init>(Ljava/lang/String;)V @ 24 c2
Event: 826.451 Thread 0x0000027677739000 Uncommon trap: reason=bimorphic_or_optimized_type_check action=maybe_recompile pc=0x00000276640db808 method=org.springframework.web.method.support.HandlerMethodArgumentResolverComposite.resolveArgument(Lorg/springframework/core/MethodParameter;Lorg/spring
Event: 833.961 Thread 0x0000027677735000 Uncommon trap: reason=profile_predicate action=maybe_recompile pc=0x00000276640284c0 method=java.util.concurrent.ConcurrentHashMap$Traverser.advance()Ljava/util/concurrent/ConcurrentHashMap$Node; @ 15 c2
Event: 833.984 Thread 0x000002767773a000 Uncommon trap: reason=profile_predicate action=maybe_recompile pc=0x00000276640284c0 method=java.util.concurrent.ConcurrentHashMap$Traverser.advance()Ljava/util/concurrent/ConcurrentHashMap$Node; @ 15 c2
Event: 833.992 Thread 0x0000027677737800 Uncommon trap: reason=profile_predicate action=maybe_recompile pc=0x00000276640284c0 method=java.util.concurrent.ConcurrentHashMap$Traverser.advance()Ljava/util/concurrent/ConcurrentHashMap$Node; @ 15 c2
Event: 834.012 Thread 0x0000027675b28800 Uncommon trap: reason=profile_predicate action=maybe_recompile pc=0x00000276640284c0 method=java.util.concurrent.ConcurrentHashMap$Traverser.advance()Ljava/util/concurrent/ConcurrentHashMap$Node; @ 15 c2
Event: 843.162 Thread 0x0000027678bab800 Uncommon trap: reason=unstable_if action=reinterpret pc=0x0000027663c53550 method=java.util.concurrent.ConcurrentLinkedDeque.unlinkLast(Ljava/util/concurrent/ConcurrentLinkedDeque$Node;Ljava/util/concurrent/ConcurrentLinkedDeque$Node;)V @ 61 c2
Event: 1182.295 Thread 0x0000027677739000 Uncommon trap: reason=bimorphic_or_optimized_type_check action=maybe_recompile pc=0x00000276640db808 method=org.springframework.web.method.support.HandlerMethodArgumentResolverComposite.resolveArgument(Lorg/springframework/core/MethodParameter;Lorg/spring
Event: 1199.235 Thread 0x0000027677735000 Uncommon trap: reason=unstable_if action=reinterpret pc=0x00000276643024cc method=java.util.concurrent.ConcurrentLinkedDeque.skipDeletedPredecessors(Ljava/util/concurrent/ConcurrentLinkedDeque$Node;)V @ 68 c2

Classes redefined (0 events):
No events

Internal exceptions (10 events):
Event: 671.684 Thread 0x0000027678bab800 Implicit null exception at 0x0000027663b9b509 to 0x0000027663b9b5be
Event: 671.686 Thread 0x0000027678bab800 Exception <a 'java/lang/NoSuchMethodError'{0x0000000085948090}: java.lang.invoke.DirectMethodHandle$Holder.invokeInterface(Ljava/lang/Object;Ljava/lang/Object;I)Ljava/lang/Object;> (0x0000000085948090) thrown at [./open/src/hotspot/share/interpreter/linkR
Event: 717.179 Thread 0x000002767773a000 Exception <a 'java/io/IOException'{0x0000000088336db0}> (0x0000000088336db0) thrown at [./open/src/hotspot/share/prims/jni.cpp, line 611]
Event: 717.673 Thread 0x0000027677733800 Exception <a 'java/net/SocketException'{0x0000000087ca2a08}: Connection reset by peer: shutdown> (0x0000000087ca2a08) thrown at [./open/src/hotspot/share/prims/jni.cpp, line 632]
Event: 719.649 Thread 0x0000027677737800 Exception <a 'java/net/SocketException'{0x000000008652c480}: Connection reset by peer: shutdown> (0x000000008652c480) thrown at [./open/src/hotspot/share/prims/jni.cpp, line 632]
Event: 719.693 Thread 0x0000027677733800 Exception <a 'java/net/SocketException'{0x00000000865dd618}: Connection reset by peer: shutdown> (0x00000000865dd618) thrown at [./open/src/hotspot/share/prims/jni.cpp, line 632]
Event: 833.961 Thread 0x0000027677735000 Implicit null exception at 0x0000027664027dfd to 0x00000276640284a2
Event: 833.984 Thread 0x000002767773a000 Implicit null exception at 0x0000027664027dfd to 0x00000276640284a2
Event: 833.992 Thread 0x0000027677737800 Implicit null exception at 0x0000027664027dfd to 0x00000276640284a2
Event: 834.012 Thread 0x0000027675b28800 Implicit null exception at 0x0000027664027dfd to 0x00000276640284a2

Events (10 events):
Event: 1199.457 Thread 0x0000027672ab2800 flushing nmethod 0x000002765d71aa10
Event: 1199.458 Thread 0x0000027672ab2800 flushing nmethod 0x000002765d7e8190
Event: 1201.625 Executing VM operation: BulkRevokeBias
Event: 1201.626 Executing VM operation: BulkRevokeBias done
Event: 1205.152 Executing VM operation: G1CollectForAllocation
Event: 1205.165 Executing VM operation: G1CollectForAllocation done
Event: 1211.671 Executing VM operation: RevokeBias
Event: 1211.671 Executing VM operation: RevokeBias done
Event: 1214.432 Executing VM operation: G1CollectForAllocation
Event: 1214.444 Executing VM operation: G1CollectForAllocation done


Dynamic libraries:
0x00007ff6d8460000 - 0x00007ff6d846f000 	C:\Program Files\Java\jdk-11.0.9\bin\javaw.exe
0x00007ffa91a80000 - 0x00007ffa91c70000 	C:\WINDOWS\SYSTEM32\ntdll.dll
0x00007ffa8fc10000 - 0x00007ffa8fcc2000 	C:\WINDOWS\System32\KERNEL32.DLL
0x00007ffa8eb10000 - 0x00007ffa8edb5000 	C:\WINDOWS\System32\KERNELBASE.dll
0x00007ffa8ef10000 - 0x00007ffa8f00a000 	C:\WINDOWS\System32\ucrtbase.dll
0x00007ffa78c30000 - 0x00007ffa78c48000 	C:\Program Files\Java\jdk-11.0.9\bin\jli.dll
0x00007ffa91870000 - 0x00007ffa91913000 	C:\WINDOWS\System32\ADVAPI32.dll
0x00007ffa8fda0000 - 0x00007ffa8fe3e000 	C:\WINDOWS\System32\msvcrt.dll
0x00007ffa91340000 - 0x00007ffa913d7000 	C:\WINDOWS\System32\sechost.dll
0x00007ffa903b0000 - 0x00007ffa904d0000 	C:\WINDOWS\System32\RPCRT4.dll
0x00007ffa900d0000 - 0x00007ffa90264000 	C:\WINDOWS\System32\USER32.dll
0x00007ffa8f8d0000 - 0x00007ffa8f8f1000 	C:\WINDOWS\System32\win32u.dll
0x00007ffa91930000 - 0x00007ffa91956000 	C:\WINDOWS\System32\GDI32.dll
0x00007ffa8f9b0000 - 0x00007ffa8fb46000 	C:\WINDOWS\System32\gdi32full.dll
0x00007ffa8fb50000 - 0x00007ffa8fbee000 	C:\WINDOWS\System32\msvcp_win.dll
0x00007ffa7e550000 - 0x00007ffa7e7d4000 	C:\WINDOWS\WinSxS\amd64_microsoft.windows.common-controls_6595b64144ccf1df_6.0.18362.1198_none_9e820b57e45ad92f\COMCTL32.dll
0x00007ffa91530000 - 0x00007ffa91865000 	C:\WINDOWS\System32\combase.dll
0x00007ffa8f0c0000 - 0x00007ffa8f140000 	C:\WINDOWS\System32\bcryptPrimitives.dll
0x00007ffa82240000 - 0x00007ffa8224a000 	C:\WINDOWS\SYSTEM32\VERSION.dll
0x00007ffa78c50000 - 0x00007ffa78c65000 	C:\Program Files\Java\jdk-11.0.9\bin\VCRUNTIME140.dll
0x00007ffa8fff0000 - 0x00007ffa9001e000 	C:\WINDOWS\System32\IMM32.DLL
0x00007ffa77540000 - 0x00007ffa775db000 	C:\Program Files\Java\jdk-11.0.9\bin\msvcp140.dll
0x00007ffa638b0000 - 0x00007ffa643a7000 	C:\Program Files\Java\jdk-11.0.9\bin\server\jvm.dll
0x00007ffa91a10000 - 0x00007ffa91a18000 	C:\WINDOWS\System32\PSAPI.DLL
0x00007ffa8b690000 - 0x00007ffa8b699000 	C:\WINDOWS\SYSTEM32\WSOCK32.dll
0x00007ffa913e0000 - 0x00007ffa9144f000 	C:\WINDOWS\System32\WS2_32.dll
0x00007ffa87630000 - 0x00007ffa87654000 	C:\WINDOWS\SYSTEM32\WINMM.dll
0x00007ffa87300000 - 0x00007ffa8732d000 	C:\WINDOWS\SYSTEM32\WINMMBASE.dll
0x00007ffa8f010000 - 0x00007ffa8f05a000 	C:\WINDOWS\System32\cfgmgr32.dll
0x00007ffa8ea70000 - 0x00007ffa8ea81000 	C:\WINDOWS\System32\kernel.appcore.dll
0x00007ffa88580000 - 0x00007ffa88590000 	C:\Program Files\Java\jdk-11.0.9\bin\verify.dll
0x00007ffa89530000 - 0x00007ffa89724000 	C:\WINDOWS\SYSTEM32\DBGHELP.DLL
0x00007ffa89900000 - 0x00007ffa8992a000 	C:\WINDOWS\SYSTEM32\dbgcore.DLL
0x00007ffa78740000 - 0x00007ffa78768000 	C:\Program Files\Java\jdk-11.0.9\bin\java.dll
0x00007ffa86b80000 - 0x00007ffa86b8a000 	C:\Program Files\Java\jdk-11.0.9\bin\jimage.dll
0x00007ffa78a30000 - 0x00007ffa78a46000 	C:\Program Files\Java\jdk-11.0.9\bin\zip.dll
0x00007ffa90710000 - 0x00007ffa90df7000 	C:\WINDOWS\System32\SHELL32.dll
0x00007ffa91960000 - 0x00007ffa91a09000 	C:\WINDOWS\System32\shcore.dll
0x00007ffa8f140000 - 0x00007ffa8f8c1000 	C:\WINDOWS\System32\windows.storage.dll
0x00007ffa8eab0000 - 0x00007ffa8ead3000 	C:\WINDOWS\System32\profapi.dll
0x00007ffa8ea20000 - 0x00007ffa8ea6a000 	C:\WINDOWS\System32\powrprof.dll
0x00007ffa8ea10000 - 0x00007ffa8ea20000 	C:\WINDOWS\System32\UMPDC.dll
0x00007ffa914d0000 - 0x00007ffa91522000 	C:\WINDOWS\System32\shlwapi.dll
0x00007ffa8fbf0000 - 0x00007ffa8fc07000 	C:\WINDOWS\System32\cryptsp.dll
0x00007ffa78170000 - 0x00007ffa78189000 	C:\Program Files\Java\jdk-11.0.9\bin\net.dll
0x00007ffa8a880000 - 0x00007ffa8a970000 	C:\WINDOWS\SYSTEM32\WINHTTP.dll
0x00007ffa8e200000 - 0x00007ffa8e267000 	C:\WINDOWS\system32\mswsock.dll
0x00007ffa78150000 - 0x00007ffa78162000 	C:\Program Files\Java\jdk-11.0.9\bin\nio.dll
0x00007ffa7dfd0000 - 0x00007ffa7dfd9000 	C:\Program Files\Java\jdk-11.0.9\bin\management.dll
0x00007ffa7d380000 - 0x00007ffa7d38b000 	C:\Program Files\Java\jdk-11.0.9\bin\management_ext.dll
0x00007ffa78500000 - 0x00007ffa78516000 	C:\WINDOWS\system32\napinsp.dll
0x00007ffa77860000 - 0x00007ffa7787a000 	C:\WINDOWS\system32\pnrpnsp.dll
0x00007ffa8df50000 - 0x00007ffa8e01b000 	C:\WINDOWS\SYSTEM32\DNSAPI.dll
0x00007ffa91920000 - 0x00007ffa91928000 	C:\WINDOWS\System32\NSI.dll
0x00007ffa8df10000 - 0x00007ffa8df4a000 	C:\WINDOWS\SYSTEM32\IPHLPAPI.DLL
0x00007ffa83f00000 - 0x00007ffa83f0e000 	C:\WINDOWS\System32\winrnr.dll
0x00007ffa8b5c0000 - 0x00007ffa8b5dc000 	C:\WINDOWS\system32\NLAapi.dll
0x00007ffa76cd0000 - 0x00007ffa76ce5000 	C:\WINDOWS\system32\wshbth.dll
0x00007ffa876b0000 - 0x00007ffa876ba000 	C:\Windows\System32\rasadhlp.dll
0x00007ffa88e60000 - 0x00007ffa88ed7000 	C:\WINDOWS\System32\fwpuclnt.dll
0x00007ffa8eae0000 - 0x00007ffa8eb06000 	C:\WINDOWS\System32\bcrypt.dll
0x00007ffa8dd70000 - 0x00007ffa8dda3000 	C:\WINDOWS\system32\rsaenh.dll
0x00007ffa8e930000 - 0x00007ffa8e955000 	C:\WINDOWS\SYSTEM32\USERENV.dll
0x00007ffa8e3d0000 - 0x00007ffa8e3dc000 	C:\WINDOWS\SYSTEM32\CRYPTBASE.dll
0x00007ffa89470000 - 0x00007ffa89486000 	C:\WINDOWS\SYSTEM32\dhcpcsvc6.DLL
0x00007ffa89450000 - 0x00007ffa8946c000 	C:\WINDOWS\SYSTEM32\dhcpcsvc.DLL

dbghelp: loaded successfully - version: 4.0.5 - missing functions: none
symbol engine: initialized successfully - sym options: 0x614 - pdb path: .;C:\Program Files\Java\jdk-11.0.9\bin;C:\WINDOWS\SYSTEM32;C:\WINDOWS\WinSxS\amd64_microsoft.windows.common-controls_6595b64144ccf1df_6.0.18362.1198_none_9e820b57e45ad92f;C:\Program Files\Java\jdk-11.0.9\bin\server

VM Arguments:
jvm_args: -Dfile.encoding=UTF-8 
java_command: com.example.application.PosteProjectApplication
java_class_path (initial): C:\Users\Abdo\git\Poste-Project\target\classes;C:\Users\Abdo\.m2\repository\io\springfox\springfox-swagger2\2.7.0\springfox-swagger2-2.7.0.jar;C:\Users\Abdo\.m2\repository\io\swagger\swagger-annotations\1.5.13\swagger-annotations-1.5.13.jar;C:\Users\Abdo\.m2\repository\io\swagger\swagger-models\1.5.13\swagger-models-1.5.13.jar;C:\Users\Abdo\.m2\repository\com\fasterxml\jackson\core\jackson-annotations\2.11.3\jackson-annotations-2.11.3.jar;C:\Users\Abdo\.m2\repository\io\springfox\springfox-spi\2.7.0\springfox-spi-2.7.0.jar;C:\Users\Abdo\.m2\repository\io\springfox\springfox-core\2.7.0\springfox-core-2.7.0.jar;C:\Users\Abdo\.m2\repository\io\springfox\springfox-schema\2.7.0\springfox-schema-2.7.0.jar;C:\Users\Abdo\.m2\repository\io\springfox\springfox-swagger-common\2.7.0\springfox-swagger-common-2.7.0.jar;C:\Users\Abdo\.m2\repository\io\springfox\springfox-spring-web\2.7.0\springfox-spring-web-2.7.0.jar;C:\Users\Abdo\.m2\repository\org\reflections\reflections\0.9.11\reflections-0.9.11.jar;C:\Users\Abdo\.m2\repository\org\javassist\javassist\3.21.0-GA\javassist-3.21.0-GA.jar;C:\Users\Abdo\.m2\repository\com\google\guava\guava\18.0\guava-18.0.jar;C:\Users\Abdo\.m2\repository\com\fasterxml\classmate\1.5.1\classmate-1.5.1.jar;C:\Users\Abdo\.m2\repository\org\slf4j\slf4j-api\1.7.30\slf4j-api-1.7.30.jar;C:\Users\Abdo\.m2\repository\org\springframework\plugin\spring-plugin-core\1.2.0.RELEASE\spring-plugin-core-1.2.0.RELEASE.jar;C:\Users\Abdo\.m2\repository\org\springframework\spring-beans\5.3.1\spring-beans-5.3.1.jar;C:\Users\Abdo\.m2\repository\org\springframework\spring-context\5.3.1\spring-context-5.3.1.jar;C:\Users\Abdo\.m2\repository\org\springframework\spring-aop\5.3.1\spring-aop-5.3.1.jar;C:\Users\Abdo\.m2\repository\org\springframework\plugin\spring-plugin-metadata\1.2.0.RELEASE\spring-plugin-metadata-1.2.0.RELEASE.jar;C:\Users\Abdo\.m2\repository\org\mapstruct\mapstruct\1.1.0.Final\mapstruct-1.1.0.Final.jar;C:\Users\Abdo\.m2\repository
Launcher Type: SUN_STANDARD

[Global flags]
     intx CICompilerCount                          = 3                                         {product} {ergonomic}
     uint ConcGCThreads                            = 1                                         {product} {ergonomic}
     uint G1ConcRefinementThreads                  = 4                                         {product} {ergonomic}
   size_t G1HeapRegionSize                         = 1048576                                   {product} {ergonomic}
    uintx GCDrainStackTargetSize                   = 64                                        {product} {ergonomic}
   size_t InitialHeapSize                          = 134217728                                 {product} {ergonomic}
   size_t MarkStackSize                            = 4194304                                   {product} {ergonomic}
   size_t MaxHeapSize                              = 2134900736                                {product} {ergonomic}
   size_t MaxNewSize                               = 1280311296                                {product} {ergonomic}
   size_t MinHeapDeltaBytes                        = 1048576                                   {product} {ergonomic}
    uintx NonNMethodCodeHeapSize                   = 5830732                                {pd product} {ergonomic}
    uintx NonProfiledCodeHeapSize                  = 122913754                              {pd product} {ergonomic}
    uintx ProfiledCodeHeapSize                     = 122913754                              {pd product} {ergonomic}
    uintx ReservedCodeCacheSize                    = 251658240                              {pd product} {ergonomic}
     bool SegmentedCodeCache                       = true                                      {product} {ergonomic}
     bool UseCompressedClassPointers               = true                                 {lp64_product} {ergonomic}
     bool UseCompressedOops                        = true                                 {lp64_product} {ergonomic}
     bool UseG1GC                                  = true                                      {product} {ergonomic}
     bool UseLargePagesIndividualAllocation        = false                                  {pd product} {ergonomic}

Logging:
Log output configuration:
 #0: stdout all=warning uptime,level,tags
 #1: stderr all=off uptime,level,tags

Environment Variables:
PATH=C:\Program Files\Common Files\Oracle\Java\javapath;E:\orcacle_db\oracle\product\10.2.0\db_1\bin;C:\Program Files (x86)\Common Files\Oracle\Java\javapath;C:\WINDOWS\system32;C:\WINDOWS;C:\WINDOWS\System32\Wbem;C:\WINDOWS\System32\WindowsPowerShell\v1.0\;C:\Program Files (x86)\ATI Technologies\ATI.ACE\Core-Static;C:\WINDOWS\System32\OpenSSH\;C:\Program Files\nodejs\;C:\Program Files\Git\cmd;C:\Users\Abdo\AppData\Local\Microsoft\WindowsApps;C:\Users\Abdo\AppData\Local\Programs\Microsoft VS Code\bin;C:\Users\Abdo\AppData\Roaming\npm;
USERNAME=Abdo
OS=Windows_NT
PROCESSOR_IDENTIFIER=Intel64 Family 6 Model 42 Stepping 7, GenuineIntel



---------------  S Y S T E M  ---------------

OS: Windows 10 , 64 bit Build 18362 (10.0.18362.1110)

CPU:total 4 (initial active 4) (2 cores per cpu, 2 threads per core) family 6 model 42 stepping 7, cmov, cx8, fxsr, mmx, sse, sse2, sse3, ssse3, sse4.1, sse4.2, popcnt, avx, aes, clmul, ht, tsc, tscinvbit

Memory: 4k page, system-wide physical 8141M (634M free)
TotalPageFile size 12237M (AvailPageFile size 1479M)
current process WorkingSet (physical memory assigned to process): 303M, peak: 310M
current process commit charge ("private bytes"): 369M, peak: 379M

vm_info: Java HotSpot(TM) 64-Bit Server VM (11.0.9+7-LTS) for windows-amd64 JRE (11.0.9+7-LTS), built on Sep 15 2020 16:47:03 by "mach5one" with MS VC++ 15.9 (VS2017)

END.
